[1121/000023.590:ERROR:process_memory_win.cc(73)] ReadMemory at 0x7ff8f14bc1c0 of 35 bytes failed: Only part of a ReadProcessMemory or WriteProcessMemory request was completed. (0x12B)
[1121/000023.625:WARNING:pe_image_reader.cc(191)] could not read debug directory from C:\WINDOWS\System32\bcrypt.dll
[1121/000023.625:ERROR:process_memory_win.cc(73)] ReadMemory at 0x7ff8f14a0000 of 64 bytes failed: Only part of a ReadProcessMemory or WriteProcessMemory request was completed. (0x12B)
[1121/000023.625:WARNING:pe_image_reader.cc(340)] could not read dos header from C:\WINDOWS\System32\bcrypt.dll
[1121/000023.625:ERROR:process_memory_win.cc(73)] ReadMemory at 0x7ff8e8a80000 of 64 bytes failed: Only part of a ReadProcessMemory or WriteProcessMemory request was completed. (0x12B)
[1121/000023.627:WARNING:pe_image_reader.cc(340)] could not read dos header from C:\WINDOWS\SYSTEM32\dbghelp.dll
[1121/000023.628:ERROR:process_memory_win.cc(73)] ReadMemory at 0x7ff8e8a80000 of 64 bytes failed: Only part of a ReadProcessMemory or WriteProcessMemory request was completed. (0x12B)
[1121/000023.628:WARNING:pe_image_reader.cc(340)] could not read dos header from C:\WINDOWS\SYSTEM32\dbghelp.dll
[1121/000023.628:ERROR:process_memory_win.cc(73)] ReadMemory at 0x7ff8e4c40000 of 64 bytes failed: Only part of a ReadProcessMemory or WriteProcessMemory request was completed. (0x12B)
[1121/000023.628:WARNING:pe_image_reader.cc(340)] could not read dos header from C:\WINDOWS\SYSTEM32\Secur32.dll
[1121/000023.628:ERROR:process_memory_win.cc(73)] ReadMemory at 0x7ff8e4c40000 of 64 bytes failed: Only part of a ReadProcessMemory or WriteProcessMemory request was completed. (0x12B)
[1121/000023.628:WARNING:pe_image_reader.cc(340)] could not read dos header from C:\WINDOWS\SYSTEM32\Secur32.dll
[1121/000023.628:ERROR:process_memory_win.cc(73)] ReadMemory at 0x7ff8ea930000 of 64 bytes failed: Only part of a ReadProcessMemory or WriteProcessMemory request was completed. (0x12B)
[1121/000023.628:WARNING:pe_image_reader.cc(340)] could not read dos header from C:\WINDOWS\SYSTEM32\WINHTTP.dll
[1121/000023.628:ERROR:process_memory_win.cc(73)] ReadMemory at 0x7ff8ea930000 of 64 bytes failed: Only part of a ReadProcessMemory or WriteProcessMemory request was completed. (0x12B)
[1121/000023.628:WARNING:pe_image_reader.cc(340)] could not read dos header from C:\WINDOWS\SYSTEM32\WINHTTP.dll
[1121/000023.628:ERROR:process_memory_win.cc(73)] ReadMemory at 0x7ff8eb260000 of 64 bytes failed: Only part of a ReadProcessMemory or WriteProcessMemory request was completed. (0x12B)
[1121/000023.628:WARNING:pe_image_reader.cc(340)] could not read dos header from C:\WINDOWS\SYSTEM32\dhcpcsvc.DLL
[1121/000023.628:ERROR:process_memory_win.cc(73)] ReadMemory at 0x7ff8eb260000 of 64 bytes failed: Only part of a ReadProcessMemory or WriteProcessMemory request was completed. (0x12B)
[1121/000023.628:WARNING:pe_image_reader.cc(340)] could not read dos header from C:\WINDOWS\SYSTEM32\dhcpcsvc.DLL
[1121/000023.629:ERROR:process_memory_win.cc(73)] ReadMemory at 0x7ff8f2170000 of 64 bytes failed: Only part of a ReadProcessMemory or WriteProcessMemory request was completed. (0x12B)
[1121/000023.629:WARNING:pe_image_reader.cc(340)] could not read dos header from C:\WINDOWS\System32\NSI.dll
[1121/000023.629:ERROR:process_memory_win.cc(73)] ReadMemory at 0x7ff8f2170000 of 64 bytes failed: Only part of a ReadProcessMemory or WriteProcessMemory request was completed. (0x12B)
[1121/000023.629:WARNING:pe_image_reader.cc(340)] could not read dos header from C:\WINDOWS\System32\NSI.dll
[1121/000023.629:ERROR:process_memory_win.cc(73)] ReadMemory at 0x7ff8e7a00000 of 64 bytes failed: Only part of a ReadProcessMemory or WriteProcessMemory request was completed. (0x12B)
[1121/000023.629:WARNING:pe_image_reader.cc(340)] could not read dos header from C:\WINDOWS\SYSTEM32\WINMMBASE.dll
[1121/000023.629:ERROR:process_memory_win.cc(73)] ReadMemory at 0x7ff8e7a00000 of 64 bytes failed: Only part of a ReadProcessMemory or WriteProcessMemory request was completed. (0x12B)
[1121/000023.629:WARNING:pe_image_reader.cc(340)] could not read dos header from C:\WINDOWS\SYSTEM32\WINMMBASE.dll
[1121/000023.629:ERROR:process_memory_win.cc(73)] ReadMemory at 0x7ff8f1450000 of 64 bytes failed: Only part of a ReadProcessMemory or WriteProcessMemory request was completed. (0x12B)
[1121/000023.629:WARNING:pe_image_reader.cc(340)] could not read dos header from C:\WINDOWS\System32\cfgmgr32.dll
[1121/000023.629:ERROR:process_memory_win.cc(73)] ReadMemory at 0x7ff8f1450000 of 64 bytes failed: Only part of a ReadProcessMemory or WriteProcessMemory request was completed. (0x12B)
[1121/000023.629:WARNING:pe_image_reader.cc(340)] could not read dos header from C:\WINDOWS\System32\cfgmgr32.dll
[1121/000023.629:ERROR:process_memory_win.cc(73)] ReadMemory at 0x7ff8ecaa0000 of 64 bytes failed: Only part of a ReadProcessMemory or WriteProcessMemory request was completed. (0x12B)
[1121/000023.629:WARNING:pe_image_reader.cc(340)] could not read dos header from C:\WINDOWS\SYSTEM32\PROPSYS.dll
[1121/000023.630:ERROR:process_memory_win.cc(73)] ReadMemory at 0x7ff8ecaa0000 of 64 bytes failed: Only part of a ReadProcessMemory or WriteProcessMemory request was completed. (0x12B)
[1121/000023.630:WARNING:pe_image_reader.cc(340)] could not read dos header from C:\WINDOWS\SYSTEM32\PROPSYS.dll
[1121/000023.630:ERROR:process_memory_win.cc(73)] ReadMemory at 0x7ff8f17c0000 of 64 bytes failed: Only part of a ReadProcessMemory or WriteProcessMemory request was completed. (0x12B)
[1121/000023.630:WARNING:pe_image_reader.cc(340)] could not read dos header from C:\WINDOWS\System32\shcore.dll
[1121/000023.630:ERROR:process_memory_win.cc(73)] ReadMemory at 0x7ff8f17c0000 of 64 bytes failed: Only part of a ReadProcessMemory or WriteProcessMemory request was completed. (0x12B)
[1121/000023.630:WARNING:pe_image_reader.cc(340)] could not read dos header from C:\WINDOWS\System32\shcore.dll
[1121/000023.630:ERROR:process_memory_win.cc(73)] ReadMemory at 0x7ff8f0240000 of 64 bytes failed: Only part of a ReadProcessMemory or WriteProcessMemory request was completed. (0x12B)
[1121/000023.630:WARNING:pe_image_reader.cc(340)] could not read dos header from C:\WINDOWS\SYSTEM32\SSPICLI.DLL
[1121/000023.630:ERROR:process_memory_win.cc(73)] ReadMemory at 0x7ff8f0240000 of 64 bytes failed: Only part of a ReadProcessMemory or WriteProcessMemory request was completed. (0x12B)
[1121/000023.630:WARNING:pe_image_reader.cc(340)] could not read dos header from C:\WINDOWS\SYSTEM32\SSPICLI.DLL
[1121/000023.630:ERROR:process_memory_win.cc(73)] ReadMemory at 0x7ff8efd30000 of 64 bytes failed: Only part of a ReadProcessMemory or WriteProcessMemory request was completed. (0x12B)
[1121/000023.630:WARNING:pe_image_reader.cc(340)] could not read dos header from C:\WINDOWS\SYSTEM32\CRYPTBASE.DLL
[1121/000023.630:ERROR:process_memory_win.cc(73)] ReadMemory at 0x7ff8efd30000 of 64 bytes failed: Only part of a ReadProcessMemory or WriteProcessMemory request was completed. (0x12B)
[1121/000023.630:WARNING:pe_image_reader.cc(340)] could not read dos header from C:\WINDOWS\SYSTEM32\CRYPTBASE.DLL
[1121/000023.631:ERROR:process_memory_win.cc(73)] ReadMemory at 0x7ff8f35e5fe8 of 8 bytes failed: Only part of a ReadProcessMemory or WriteProcessMemory request was completed. (0x12B)
[1121/000023.631:ERROR:process_snapshot_win.cc(311)] failed to read target address
[1121/000023.635:ERROR:process_memory_win.cc(73)] ReadMemory at 0x7ff70ca90000 of 64 bytes failed: Only part of a ReadProcessMemory or WriteProcessMemory request was completed. (0x12B)
[1121/000023.635:WARNING:pe_image_reader.cc(340)] could not read dos header from C:\Program Files (x86)\Google\Chrome\Application\chrome.exe
[1121/000023.635:ERROR:process_memory_win.cc(73)] ReadMemory at 0x7ff8f3480000 of 64 bytes failed: Only part of a ReadProcessMemory or WriteProcessMemory request was completed. (0x12B)
[1121/000023.635:WARNING:pe_image_reader.cc(340)] could not read dos header from C:\WINDOWS\SYSTEM32\ntdll.dll
[1121/000023.635:ERROR:process_memory_win.cc(73)] ReadMemory at 0x7ff8f2cf0000 of 64 bytes failed: Only part of a ReadProcessMemory or WriteProcessMemory request was completed. (0x12B)
[1121/000023.635:WARNING:pe_image_reader.cc(340)] could not read dos header from C:\WINDOWS\System32\KERNEL32.DLL
[1121/000023.635:ERROR:process_memory_win.cc(73)] ReadMemory at 0x7ff8f11a0000 of 64 bytes failed: Only part of a ReadProcessMemory or WriteProcessMemory request was completed. (0x12B)
[1121/000023.635:WARNING:pe_image_reader.cc(340)] could not read dos header from C:\WINDOWS\System32\KERNELBASE.dll
[1121/000023.635:ERROR:process_memory_win.cc(73)] ReadMemory at 0x7ff8bd6c0000 of 64 bytes failed: Only part of a ReadProcessMemory or WriteProcessMemory request was completed. (0x12B)
[1121/000023.636:WARNING:pe_image_reader.cc(340)] could not read dos header from C:\Program Files (x86)\Google\Chrome\Application\78.0.3904.97\chrome_elf.dll
[1121/000023.636:ERROR:process_memory_win.cc(73)] ReadMemory at 0x7ff8eb090000 of 64 bytes failed: Only part of a ReadProcessMemory or WriteProcessMemory request was completed. (0x12B)
[1121/000023.636:WARNING:pe_image_reader.cc(340)] could not read dos header from C:\WINDOWS\SYSTEM32\VERSION.dll
[1121/000023.636:ERROR:process_memory_win.cc(73)] ReadMemory at 0x7ff8f33a0000 of 64 bytes failed: Only part of a ReadProcessMemory or WriteProcessMemory request was completed. (0x12B)
[1121/000023.636:WARNING:pe_image_reader.cc(340)] could not read dos header from C:\WINDOWS\System32\msvcrt.dll
[1121/000023.636:ERROR:process_memory_win.cc(73)] ReadMemory at 0x7ff8f0580000 of 64 bytes failed: Only part of a ReadProcessMemory or WriteProcessMemory request was completed. (0x12B)
[1121/000023.636:WARNING:pe_image_reader.cc(340)] could not read dos header from C:\WINDOWS\System32\bcryptPrimitives.dll
[1121/000023.636:ERROR:process_memory_win.cc(73)] ReadMemory at 0x7ff8f18a0000 of 64 bytes failed: Only part of a ReadProcessMemory or WriteProcessMemory request was completed. (0x12B)
[1121/000023.636:WARNING:pe_image_reader.cc(340)] could not read dos header from C:\WINDOWS\System32\ADVAPI32.dll
[1121/000023.636:ERROR:process_memory_win.cc(73)] ReadMemory at 0x1ebc74f0000 of 64 bytes failed: Only part of a ReadProcessMemory or WriteProcessMemory request was completed. (0x12B)
[1121/000023.636:WARNING:pe_image_reader.cc(340)] could not read dos header from C:\WINDOWS\System32\sechost.dll
[1121/000023.636:ERROR:process_memory_win.cc(73)] ReadMemory at 0x7ff8f2690000 of 64 bytes failed: Only part of a ReadProcessMemory or WriteProcessMemory request was completed. (0x12B)
[1121/000023.636:WARNING:pe_image_reader.cc(340)] could not read dos header from C:\WINDOWS\System32\RPCRT4.dll
[1121/000023.636:ERROR:process_memory_win.cc(73)] ReadMemory at 0x7ff8a5760000 of 64 bytes failed: Only part of a ReadProcessMemory or WriteProcessMemory request was completed. (0x12B)
[1121/000023.636:WARNING:pe_image_reader.cc(340)] could not read dos header from C:\Program Files (x86)\Google\Chrome\Application\78.0.3904.97\chrome_child.dll
[1121/000023.637:ERROR:process_memory_win.cc(73)] ReadMemory at 0x7ff8f2c20000 of 64 bytes failed: Only part of a ReadProcessMemory or WriteProcessMemory request was completed. (0x12B)
[1121/000023.637:WARNING:pe_image_reader.cc(340)] could not read dos header from C:\WINDOWS\System32\OLEAUT32.dll
[1121/000023.637:ERROR:process_memory_win.cc(73)] ReadMemory at 0x7ff8f1050000 of 64 bytes failed: Only part of a ReadProcessMemory or WriteProcessMemory request was completed. (0x12B)
[1121/000023.637:WARNING:pe_image_reader.cc(340)] could not read dos header from C:\WINDOWS\System32\msvcp_win.dll
[1121/000023.637:ERROR:process_memory_win.cc(73)] ReadMemory at 0x7ff8f0600000 of 64 bytes failed: Only part of a ReadProcessMemory or WriteProcessMemory request was completed. (0x12B)
[1121/000023.637:WARNING:pe_image_reader.cc(340)] could not read dos header from C:\WINDOWS\System32\ucrtbase.dll
[1121/000023.637:ERROR:process_memory_win.cc(73)] ReadMemory at 0x7ff8f3060000 of 64 bytes failed: Only part of a ReadProcessMemory or WriteProcessMemory request was completed. (0x12B)
[1121/000023.637:WARNING:pe_image_reader.cc(340)] could not read dos header from C:\WINDOWS\System32\combase.dll
[1121/000023.637:ERROR:process_memory_win.cc(73)] ReadMemory at 0x7ff8f22d0000 of 64 bytes failed: Only part of a ReadProcessMemory or WriteProcessMemory request was completed. (0x12B)
[1121/000023.637:WARNING:pe_image_reader.cc(340)] could not read dos header from C:\WINDOWS\System32\WS2_32.dll
[1121/000023.637:ERROR:process_memory_win.cc(73)] ReadMemory at 0x7ff8f14d0000 of 64 bytes failed: Only part of a ReadProcessMemory or WriteProcessMemory request was completed. (0x12B)
[1121/000023.637:WARNING:pe_image_reader.cc(340)] could not read dos header from C:\WINDOWS\System32\WINTRUST.dll
[1121/000023.638:ERROR:process_memory_win.cc(73)] ReadMemory at 0x7ff8f0360000 of 64 bytes failed: Only part of a ReadProcessMemory or WriteProcessMemory request was completed. (0x12B)
[1121/000023.638:WARNING:pe_image_reader.cc(340)] could not read dos header from C:\WINDOWS\System32\MSASN1.dll
[1121/000023.638:ERROR:process_memory_win.cc(73)] ReadMemory at 0x7ff8f0410000 of 64 bytes failed: Only part of a ReadProcessMemory or WriteProcessMemory request was completed. (0x12B)
[1121/000023.638:WARNING:pe_image_reader.cc(340)] could not read dos header from C:\WINDOWS\System32\CRYPT32.dll
[1121/000023.638:ERROR:process_memory_win.cc(73)] ReadMemory at 0x7ff8ef870000 of 64 bytes failed: Only part of a ReadProcessMemory or WriteProcessMemory request was completed. (0x12B)
[1121/000023.638:WARNING:pe_image_reader.cc(340)] could not read dos header from C:\WINDOWS\SYSTEM32\IPHLPAPI.DLL
[1121/000023.638:ERROR:process_memory_win.cc(73)] ReadMemory at 0x7ff8e7a30000 of 64 bytes failed: Only part of a ReadProcessMemory or WriteProcessMemory request was completed. (0x12B)
[1121/000023.638:WARNING:pe_image_reader.cc(340)] could not read dos header from C:\WINDOWS\SYSTEM32\WINMM.dll
[1121/000023.638:ERROR:process_memory_win.cc(73)] ReadMemory at 0x7ff8f0270000 of 64 bytes failed: Only part of a ReadProcessMemory or WriteProcessMemory request was completed. (0x12B)
[1121/000023.638:WARNING:pe_image_reader.cc(340)] could not read dos header from C:\WINDOWS\SYSTEM32\USERENV.dll
[1121/000023.638:ERROR:process_memory_win.cc(73)] ReadMemory at 0x7ff8f03a0000 of 64 bytes failed: Only part of a ReadProcessMemory or WriteProcessMemory request was completed. (0x12B)
[1121/000023.638:WARNING:pe_image_reader.cc(340)] could not read dos header from C:\WINDOWS\System32\profapi.dll
[1121/000023.638:ERROR:process_memory_win.cc(73)] ReadMemory at 0x7ff8d8a00000 of 64 bytes failed: Only part of a ReadProcessMemory or WriteProcessMemory request was completed. (0x12B)
[1121/000023.638:WARNING:pe_image_reader.cc(340)] could not read dos header from C:\WINDOWS\SYSTEM32\DWrite.dll
[1121/000023.639:ERROR:process_memory_win.cc(73)] ReadMemory at 0x7ff8e7270000 of 64 bytes failed: Only part of a ReadProcessMemory or WriteProcessMemory request was completed. (0x12B)
[1121/000023.639:WARNING:pe_image_reader.cc(340)] could not read dos header from C:\WINDOWS\SYSTEM32\WINSPOOL.DRV
[1121/000023.639:ERROR:process_memory_win.cc(73)] ReadMemory at 0x7ff8f0380000 of 64 bytes failed: Only part of a ReadProcessMemory or WriteProcessMemory request was completed. (0x12B)
[1121/000023.639:WARNING:pe_image_reader.cc(340)] could not read dos header from C:\WINDOWS\System32\kernel.appcore.dll
[1121/000023.639:ERROR:process_memory_win.cc(73)] ReadMemory at 0x7ff8f14a0000 of 64 bytes failed: Only part of a ReadProcessMemory or WriteProcessMemory request was completed. (0x12B)
[1121/000023.639:WARNING:pe_image_reader.cc(340)] could not read dos header from C:\WINDOWS\System32\bcrypt.dll
[1121/000023.639:ERROR:process_memory_win.cc(73)] ReadMemory at 0x7ff8e8a80000 of 64 bytes failed: Only part of a ReadProcessMemory or WriteProcessMemory request was completed. (0x12B)
[1121/000023.639:WARNING:pe_image_reader.cc(340)] could not read dos header from C:\WINDOWS\SYSTEM32\dbghelp.dll
[1121/000023.639:ERROR:process_memory_win.cc(73)] ReadMemory at 0x7ff8e4c40000 of 64 bytes failed: Only part of a ReadProcessMemory or WriteProcessMemory request was completed. (0x12B)
[1121/000023.639:WARNING:pe_image_reader.cc(340)] could not read dos header from C:\WINDOWS\SYSTEM32\Secur32.dll
[1121/000023.639:ERROR:process_memory_win.cc(73)] ReadMemory at 0x7ff8ea930000 of 64 bytes failed: Only part of a ReadProcessMemory or WriteProcessMemory request was completed. (0x12B)
[1121/000023.640:WARNING:pe_image_reader.cc(340)] could not read dos header from C:\WINDOWS\SYSTEM32\WINHTTP.dll
[1121/000023.640:ERROR:process_memory_win.cc(73)] ReadMemory at 0x7ff8eb260000 of 64 bytes failed: Only part of a ReadProcessMemory or WriteProcessMemory request was completed. (0x12B)
[1121/000023.640:WARNING:pe_image_reader.cc(340)] could not read dos header from C:\WINDOWS\SYSTEM32\dhcpcsvc.DLL
[1121/000023.640:ERROR:process_memory_win.cc(73)] ReadMemory at 0x7ff8f2170000 of 64 bytes failed: Only part of a ReadProcessMemory or WriteProcessMemory request was completed. (0x12B)
[1121/000023.640:WARNING:pe_image_reader.cc(340)] could not read dos header from C:\WINDOWS\System32\NSI.dll
[1121/000023.640:ERROR:process_memory_win.cc(73)] ReadMemory at 0x7ff8e7a00000 of 64 bytes failed: Only part of a ReadProcessMemory or WriteProcessMemory request was completed. (0x12B)
[1121/000023.640:WARNING:pe_image_reader.cc(340)] could not read dos header from C:\WINDOWS\SYSTEM32\WINMMBASE.dll
[1121/000023.640:ERROR:process_memory_win.cc(73)] ReadMemory at 0x7ff8f1450000 of 64 bytes failed: Only part of a ReadProcessMemory or WriteProcessMemory request was completed. (0x12B)
[1121/000023.640:WARNING:pe_image_reader.cc(340)] could not read dos header from C:\WINDOWS\System32\cfgmgr32.dll
[1121/000023.640:ERROR:process_memory_win.cc(73)] ReadMemory at 0x7ff8ecaa0000 of 64 bytes failed: Only part of a ReadProcessMemory or WriteProcessMemory request was completed. (0x12B)
[1121/000023.640:WARNING:pe_image_reader.cc(340)] could not read dos header from C:\WINDOWS\SYSTEM32\PROPSYS.dll
[1121/000023.640:ERROR:process_memory_win.cc(73)] ReadMemory at 0x7ff8f17c0000 of 64 bytes failed: Only part of a ReadProcessMemory or WriteProcessMemory request was completed. (0x12B)
[1121/000023.640:WARNING:pe_image_reader.cc(340)] could not read dos header from C:\WINDOWS\System32\shcore.dll
[1121/000023.641:ERROR:process_memory_win.cc(73)] ReadMemory at 0x7ff8f0240000 of 64 bytes failed: Only part of a ReadProcessMemory or WriteProcessMemory request was completed. (0x12B)
[1121/000023.641:WARNING:pe_image_reader.cc(340)] could not read dos header from C:\WINDOWS\SYSTEM32\SSPICLI.DLL
[1121/000023.641:ERROR:process_memory_win.cc(73)] ReadMemory at 0x7ff8efd30000 of 64 bytes failed: Only part of a ReadProcessMemory or WriteProcessMemory request was completed. (0x12B)
[1121/000023.641:WARNING:pe_image_reader.cc(340)] could not read dos header from C:\WINDOWS\SYSTEM32\CRYPTBASE.DLL
[1121/000023.641:ERROR:process_memory_win.cc(73)] ReadMemory at 0x7ff70ca90000 of 64 bytes failed: Only part of a ReadProcessMemory or WriteProcessMemory request was completed. (0x12B)
[1121/000023.641:WARNING:pe_image_reader.cc(340)] could not read dos header from C:\Program Files (x86)\Google\Chrome\Application\chrome.exe
[1121/000023.641:ERROR:process_memory_win.cc(73)] ReadMemory at 0x7ff70ca90000 of 64 bytes failed: Only part of a ReadProcessMemory or WriteProcessMemory request was completed. (0x12B)
[1121/000023.641:WARNING:pe_image_reader.cc(340)] could not read dos header from C:\Program Files (x86)\Google\Chrome\Application\chrome.exe
[1121/000023.641:ERROR:process_memory_win.cc(73)] ReadMemory at 0x7ff8f3480000 of 64 bytes failed: Only part of a ReadProcessMemory or WriteProcessMemory request was completed. (0x12B)
[1121/000023.641:WARNING:pe_image_reader.cc(340)] could not read dos header from C:\WINDOWS\SYSTEM32\ntdll.dll
[1121/000023.641:ERROR:process_memory_win.cc(73)] ReadMemory at 0x7ff8f3480000 of 64 bytes failed: Only part of a ReadProcessMemory or WriteProcessMemory request was completed. (0x12B)
[1121/000023.641:WARNING:pe_image_reader.cc(340)] could not read dos header from C:\WINDOWS\SYSTEM32\ntdll.dll
[1121/000023.642:ERROR:process_memory_win.cc(73)] ReadMemory at 0x7ff8f2cf0000 of 64 bytes failed: Only part of a ReadProcessMemory or WriteProcessMemory request was completed. (0x12B)
[1121/000023.642:WARNING:pe_image_reader.cc(340)] could not read dos header from C:\WINDOWS\System32\KERNEL32.DLL
[1121/000023.642:ERROR:process_memory_win.cc(73)] ReadMemory at 0x7ff8f2cf0000 of 64 bytes failed: Only part of a ReadProcessMemory or WriteProcessMemory request was completed. (0x12B)
[1121/000023.642:WARNING:pe_image_reader.cc(340)] could not read dos header from C:\WINDOWS\System32\KERNEL32.DLL
[1121/000023.642:ERROR:process_memory_win.cc(73)] ReadMemory at 0x7ff8f11a0000 of 64 bytes failed: Only part of a ReadProcessMemory or WriteProcessMemory request was completed. (0x12B)
[1121/000023.642:WARNING:pe_image_reader.cc(340)] could not read dos header from C:\WINDOWS\System32\KERNELBASE.dll
[1121/000023.642:ERROR:process_memory_win.cc(73)] ReadMemory at 0x7ff8f11a0000 of 64 bytes failed: Only part of a ReadProcessMemory or WriteProcessMemory request was completed. (0x12B)
[1121/000023.642:WARNING:pe_image_reader.cc(340)] could not read dos header from C:\WINDOWS\System32\KERNELBASE.dll
[1121/000023.642:ERROR:process_memory_win.cc(73)] ReadMemory at 0x7ff8bd6c0000 of 64 bytes failed: Only part of a ReadProcessMemory or WriteProcessMemory request was completed. (0x12B)
[1121/000023.642:WARNING:pe_image_reader.cc(340)] could not read dos header from C:\Program Files (x86)\Google\Chrome\Application\78.0.3904.97\chrome_elf.dll
[1121/000023.642:ERROR:process_memory_win.cc(73)] ReadMemory at 0x7ff8bd6c0000 of 64 bytes failed: Only part of a ReadProcessMemory or WriteProcessMemory request was completed. (0x12B)
[1121/000023.642:WARNING:pe_image_reader.cc(340)] could not read dos header from C:\Program Files (x86)\Google\Chrome\Application\78.0.3904.97\chrome_elf.dll
[1121/000023.642:ERROR:process_memory_win.cc(73)] ReadMemory at 0x7ff8eb090000 of 64 bytes failed: Only part of a ReadProcessMemory or WriteProcessMemory request was completed. (0x12B)
[1121/000023.642:WARNING:pe_image_reader.cc(340)] could not read dos header from C:\WINDOWS\SYSTEM32\VERSION.dll
[1121/000023.642:ERROR:process_memory_win.cc(73)] ReadMemory at 0x7ff8eb090000 of 64 bytes failed: Only part of a ReadProcessMemory or WriteProcessMemory request was completed. (0x12B)
[1121/000023.643:WARNING:pe_image_reader.cc(340)] could not read dos header from C:\WINDOWS\SYSTEM32\VERSION.dll
[1121/000023.643:ERROR:process_memory_win.cc(73)] ReadMemory at 0x7ff8f33a0000 of 64 bytes failed: Only part of a ReadProcessMemory or WriteProcessMemory request was completed. (0x12B)
[1121/000023.643:WARNING:pe_image_reader.cc(340)] could not read dos header from C:\WINDOWS\System32\msvcrt.dll
[1121/000023.643:ERROR:process_memory_win.cc(73)] ReadMemory at 0x7ff8f33a0000 of 64 bytes failed: Only part of a ReadProcessMemory or WriteProcessMemory request was completed. (0x12B)
[1121/000023.643:WARNING:pe_image_reader.cc(340)] could not read dos header from C:\WINDOWS\System32\msvcrt.dll
[1121/000023.643:ERROR:process_memory_win.cc(73)] ReadMemory at 0x7ff8f0580000 of 64 bytes failed: Only part of a ReadProcessMemory or WriteProcessMemory request was completed. (0x12B)
[1121/000023.643:WARNING:pe_image_reader.cc(340)] could not read dos header from C:\WINDOWS\System32\bcryptPrimitives.dll
[1121/000023.643:ERROR:process_memory_win.cc(73)] ReadMemory at 0x7ff8f0580000 of 64 bytes failed: Only part of a ReadProcessMemory or WriteProcessMemory request was completed. (0x12B)
[1121/000023.643:WARNING:pe_image_reader.cc(340)] could not read dos header from C:\WINDOWS\System32\bcryptPrimitives.dll
[1121/000023.643:ERROR:process_memory_win.cc(73)] ReadMemory at 0x7ff8f18a0000 of 64 bytes failed: Only part of a ReadProcessMemory or WriteProcessMemory request was completed. (0x12B)
[1121/000023.643:WARNING:pe_image_reader.cc(340)] could not read dos header from C:\WINDOWS\System32\ADVAPI32.dll
[1121/000023.643:ERROR:process_memory_win.cc(73)] ReadMemory at 0x7ff8f18a0000 of 64 bytes failed: Only part of a ReadProcessMemory or WriteProcessMemory request was completed. (0x12B)
[1121/000023.643:WARNING:pe_image_reader.cc(340)] could not read dos header from C:\WINDOWS\System32\ADVAPI32.dll
[1121/000023.644:ERROR:process_memory_win.cc(73)] ReadMemory at 0x1ebc74f0000 of 64 bytes failed: Only part of a ReadProcessMemory or WriteProcessMemory request was completed. (0x12B)
[1121/000023.644:WARNING:pe_image_reader.cc(340)] could not read dos header from C:\WINDOWS\System32\sechost.dll
[1121/000023.644:ERROR:process_memory_win.cc(73)] ReadMemory at 0x1ebc74f0000 of 64 bytes failed: Only part of a ReadProcessMemory or WriteProcessMemory request was completed. (0x12B)
[1121/000023.644:WARNING:pe_image_reader.cc(340)] could not read dos header from C:\WINDOWS\System32\sechost.dll
[1121/000023.644:ERROR:process_memory_win.cc(73)] ReadMemory at 0x7ff8f2690000 of 64 bytes failed: Only part of a ReadProcessMemory or WriteProcessMemory request was completed. (0x12B)
[1121/000023.644:WARNING:pe_image_reader.cc(340)] could not read dos header from C:\WINDOWS\System32\RPCRT4.dll
[1121/000023.644:ERROR:process_memory_win.cc(73)] ReadMemory at 0x7ff8f2690000 of 64 bytes failed: Only part of a ReadProcessMemory or WriteProcessMemory request was completed. (0x12B)
[1121/000023.644:WARNING:pe_image_reader.cc(340)] could not read dos header from C:\WINDOWS\System32\RPCRT4.dll
[1121/000023.644:ERROR:process_memory_win.cc(73)] ReadMemory at 0x7ff8a5760000 of 64 bytes failed: Only part of a ReadProcessMemory or WriteProcessMemory request was completed. (0x12B)
[1121/000023.645:WARNING:pe_image_reader.cc(340)] could not read dos header from C:\Program Files (x86)\Google\Chrome\Application\78.0.3904.97\chrome_child.dll
[1121/000023.645:ERROR:process_memory_win.cc(73)] ReadMemory at 0x7ff8a5760000 of 64 bytes failed: Only part of a ReadProcessMemory or WriteProcessMemory request was completed. (0x12B)
[1121/000023.645:WARNING:pe_image_reader.cc(340)] could not read dos header from C:\Program Files (x86)\Google\Chrome\Application\78.0.3904.97\chrome_child.dll
[1121/000023.645:ERROR:process_memory_win.cc(73)] ReadMemory at 0x7ff8f2c20000 of 64 bytes failed: Only part of a ReadProcessMemory or WriteProcessMemory request was completed. (0x12B)
[1121/000023.645:WARNING:pe_image_reader.cc(340)] could not read dos header from C:\WINDOWS\System32\OLEAUT32.dll
[1121/000023.645:ERROR:process_memory_win.cc(73)] ReadMemory at 0x7ff8f2c20000 of 64 bytes failed: Only part of a ReadProcessMemory or WriteProcessMemory request was completed. (0x12B)
[1121/000023.645:WARNING:pe_image_reader.cc(340)] could not read dos header from C:\WINDOWS\System32\OLEAUT32.dll
[1121/000023.645:ERROR:process_memory_win.cc(73)] ReadMemory at 0x7ff8f1050000 of 64 bytes failed: Only part of a ReadProcessMemory or WriteProcessMemory request was completed. (0x12B)
[1121/000023.645:WARNING:pe_image_reader.cc(340)] could not read dos header from C:\WINDOWS\System32\msvcp_win.dll
[1121/000023.645:ERROR:process_memory_win.cc(73)] ReadMemory at 0x7ff8f1050000 of 64 bytes failed: Only part of a ReadProcessMemory or WriteProcessMemory request was completed. (0x12B)
[1121/000023.645:WARNING:pe_image_reader.cc(340)] could not read dos header from C:\WINDOWS\System32\msvcp_win.dll
[1121/000023.645:ERROR:process_memory_win.cc(73)] ReadMemory at 0x7ff8f0600000 of 64 bytes failed: Only part of a ReadProcessMemory or WriteProcessMemory request was completed. (0x12B)
[1121/000023.646:WARNING:pe_image_reader.cc(340)] could not read dos header from C:\WINDOWS\System32\ucrtbase.dll
[1121/000023.646:ERROR:process_memory_win.cc(73)] ReadMemory at 0x7ff8f0600000 of 64 bytes failed: Only part of a ReadProcessMemory or WriteProcessMemory request was completed. (0x12B)
[1121/000023.646:WARNING:pe_image_reader.cc(340)] could not read dos header from C:\WINDOWS\System32\ucrtbase.dll
[1121/000023.646:ERROR:process_memory_win.cc(73)] ReadMemory at 0x7ff8f3060000 of 64 bytes failed: Only part of a ReadProcessMemory or WriteProcessMemory request was completed. (0x12B)
[1121/000023.646:WARNING:pe_image_reader.cc(340)] could not read dos header from C:\WINDOWS\System32\combase.dll
[1121/000023.646:ERROR:process_memory_win.cc(73)] ReadMemory at 0x7ff8f3060000 of 64 bytes failed: Only part of a ReadProcessMemory or WriteProcessMemory request was completed. (0x12B)
[1121/000023.646:WARNING:pe_image_reader.cc(340)] could not read dos header from C:\WINDOWS\System32\combase.dll
[1121/000023.646:ERROR:process_memory_win.cc(73)] ReadMemory at 0x7ff8f22d0000 of 64 bytes failed: Only part of a ReadProcessMemory or WriteProcessMemory request was completed. (0x12B)
[1121/000023.646:WARNING:pe_image_reader.cc(340)] could not read dos header from C:\WINDOWS\System32\WS2_32.dll
[1121/000023.646:ERROR:process_memory_win.cc(73)] ReadMemory at 0x7ff8f22d0000 of 64 bytes failed: Only part of a ReadProcessMemory or WriteProcessMemory request was completed. (0x12B)
[1121/000023.646:WARNING:pe_image_reader.cc(340)] could not read dos header from C:\WINDOWS\System32\WS2_32.dll
[1121/000023.647:ERROR:process_memory_win.cc(73)] ReadMemory at 0x7ff8f14d0000 of 64 bytes failed: Only part of a ReadProcessMemory or WriteProcessMemory request was completed. (0x12B)
[1121/000023.647:WARNING:pe_image_reader.cc(340)] could not read dos header from C:\WINDOWS\System32\WINTRUST.dll
[1121/000023.647:ERROR:process_memory_win.cc(73)] ReadMemory at 0x7ff8f14d0000 of 64 bytes failed: Only part of a ReadProcessMemory or WriteProcessMemory request was completed. (0x12B)
[1121/000023.647:WARNING:pe_image_reader.cc(340)] could not read dos header from C:\WINDOWS\System32\WINTRUST.dll
[1121/000023.647:ERROR:process_memory_win.cc(73)] ReadMemory at 0x7ff8f0360000 of 64 bytes failed: Only part of a ReadProcessMemory or WriteProcessMemory request was completed. (0x12B)
[1121/000023.647:WARNING:pe_image_reader.cc(340)] could not read dos header from C:\WINDOWS\System32\MSASN1.dll
[1121/000023.647:ERROR:process_memory_win.cc(73)] ReadMemory at 0x7ff8f0360000 of 64 bytes failed: Only part of a ReadProcessMemory or WriteProcessMemory request was completed. (0x12B)
[1121/000023.647:WARNING:pe_image_reader.cc(340)] could not read dos header from C:\WINDOWS\System32\MSASN1.dll
[1121/000023.647:ERROR:process_memory_win.cc(73)] ReadMemory at 0x7ff8f0410000 of 64 bytes failed: Only part of a ReadProcessMemory or WriteProcessMemory request was completed. (0x12B)
[1121/000023.647:WARNING:pe_image_reader.cc(340)] could not read dos header from C:\WINDOWS\System32\CRYPT32.dll
[1121/000023.647:ERROR:process_memory_win.cc(73)] ReadMemory at 0x7ff8f0410000 of 64 bytes failed: Only part of a ReadProcessMemory or WriteProcessMemory request was completed. (0x12B)
[1121/000023.648:WARNING:pe_image_reader.cc(340)] could not read dos header from C:\WINDOWS\System32\CRYPT32.dll
[1121/000023.648:ERROR:process_memory_win.cc(73)] ReadMemory at 0x7ff8ef870000 of 64 bytes failed: Only part of a ReadProcessMemory or WriteProcessMemory request was completed. (0x12B)
[1121/000023.648:WARNING:pe_image_reader.cc(340)] could not read dos header from C:\WINDOWS\SYSTEM32\IPHLPAPI.DLL
[1121/000023.648:ERROR:process_memory_win.cc(73)] ReadMemory at 0x7ff8ef870000 of 64 bytes failed: Only part of a ReadProcessMemory or WriteProcessMemory request was completed. (0x12B)
[1121/000023.648:WARNING:pe_image_reader.cc(340)] could not read dos header from C:\WINDOWS\SYSTEM32\IPHLPAPI.DLL
[1121/000023.648:ERROR:process_memory_win.cc(73)] ReadMemory at 0x7ff8e7a30000 of 64 bytes failed: Only part of a ReadProcessMemory or WriteProcessMemory request was completed. (0x12B)
[1121/000023.648:WARNING:pe_image_reader.cc(340)] could not read dos header from C:\WINDOWS\SYSTEM32\WINMM.dll
[1121/000023.648:ERROR:process_memory_win.cc(73)] ReadMemory at 0x7ff8e7a30000 of 64 bytes failed: Only part of a ReadProcessMemory or WriteProcessMemory request was completed. (0x12B)
[1121/000023.648:WARNING:pe_image_reader.cc(340)] could not read dos header from C:\WINDOWS\SYSTEM32\WINMM.dll
[1121/000023.648:ERROR:process_memory_win.cc(73)] ReadMemory at 0x7ff8f0270000 of 64 bytes failed: Only part of a ReadProcessMemory or WriteProcessMemory request was completed. (0x12B)
[1121/000023.649:WARNING:pe_image_reader.cc(340)] could not read dos header from C:\WINDOWS\SYSTEM32\USERENV.dll
[1121/000023.649:ERROR:process_memory_win.cc(73)] ReadMemory at 0x7ff8f0270000 of 64 bytes failed: Only part of a ReadProcessMemory or WriteProcessMemory request was completed. (0x12B)
[1121/000023.649:WARNING:pe_image_reader.cc(340)] could not read dos header from C:\WINDOWS\SYSTEM32\USERENV.dll
[1121/000023.649:ERROR:process_memory_win.cc(73)] ReadMemory at 0x7ff8f03a0000 of 64 bytes failed: Only part of a ReadProcessMemory or WriteProcessMemory request was completed. (0x12B)
[1121/000023.649:WARNING:pe_image_reader.cc(340)] could not read dos header from C:\WINDOWS\System32\profapi.dll
[1121/000023.650:ERROR:process_memory_win.cc(73)] ReadMemory at 0x7ff8f03a0000 of 64 bytes failed: Only part of a ReadProcessMemory or WriteProcessMemory request was completed. (0x12B)
[1121/000023.650:WARNING:pe_image_reader.cc(340)] could not read dos header from C:\WINDOWS\System32\profapi.dll
[1121/000023.650:ERROR:process_memory_win.cc(73)] ReadMemory at 0x7ff8d8a00000 of 64 bytes failed: Only part of a ReadProcessMemory or WriteProcessMemory request was completed. (0x12B)
[1121/000023.650:WARNING:pe_image_reader.cc(340)] could not read dos header from C:\WINDOWS\SYSTEM32\DWrite.dll
[1121/000023.650:ERROR:process_memory_win.cc(73)] ReadMemory at 0x7ff8d8a00000 of 64 bytes failed: Only part of a ReadProcessMemory or WriteProcessMemory request was completed. (0x12B)
[1121/000023.650:WARNING:pe_image_reader.cc(340)] could not read dos header from C:\WINDOWS\SYSTEM32\DWrite.dll
[1121/000023.650:ERROR:process_memory_win.cc(73)] ReadMemory at 0x7ff8e7270000 of 64 bytes failed: Only part of a ReadProcessMemory or WriteProcessMemory request was completed. (0x12B)
[1121/000023.650:WARNING:pe_image_reader.cc(340)] could not read dos header from C:\WINDOWS\SYSTEM32\WINSPOOL.DRV
[1121/000023.651:ERROR:process_memory_win.cc(73)] ReadMemory at 0x7ff8e7270000 of 64 bytes failed: Only part of a ReadProcessMemory or WriteProcessMemory request was completed. (0x12B)
[1121/000023.651:WARNING:pe_image_reader.cc(340)] could not read dos header from C:\WINDOWS\SYSTEM32\WINSPOOL.DRV
[1121/000023.651:ERROR:process_memory_win.cc(73)] ReadMemory at 0x7ff8f0380000 of 64 bytes failed: Only part of a ReadProcessMemory or WriteProcessMemory request was completed. (0x12B)
[1121/000023.651:WARNING:pe_image_reader.cc(340)] could not read dos header from C:\WINDOWS\System32\kernel.appcore.dll
[1121/000023.651:ERROR:process_memory_win.cc(73)] ReadMemory at 0x7ff8f0380000 of 64 bytes failed: Only part of a ReadProcessMemory or WriteProcessMemory request was completed. (0x12B)
[1121/000023.651:WARNING:pe_image_reader.cc(340)] could not read dos header from C:\WINDOWS\System32\kernel.appcore.dll
[1121/000023.651:ERROR:process_memory_win.cc(73)] ReadMemory at 0x7ff8f14a0000 of 64 bytes failed: Only part of a ReadProcessMemory or WriteProcessMemory request was completed. (0x12B)
[1121/000023.651:WARNING:pe_image_reader.cc(340)] could not read dos header from C:\WINDOWS\System32\bcrypt.dll
[1121/000023.652:ERROR:process_memory_win.cc(73)] ReadMemory at 0x7ff8f14a0000 of 64 bytes failed: Only part of a ReadProcessMemory or WriteProcessMemory request was completed. (0x12B)
[1121/000023.652:WARNING:pe_image_reader.cc(340)] could not read dos header from C:\WINDOWS\System32\bcrypt.dll
[1121/000023.652:ERROR:process_memory_win.cc(73)] ReadMemory at 0x7ff8e8a80000 of 64 bytes failed: Only part of a ReadProcessMemory or WriteProcessMemory request was completed. (0x12B)
[1121/000023.652:WARNING:pe_image_reader.cc(340)] could not read dos header from C:\WINDOWS\SYSTEM32\dbghelp.dll
[1121/000023.652:ERROR:process_memory_win.cc(73)] ReadMemory at 0x7ff8e8a80000 of 64 bytes failed: Only part of a ReadProcessMemory or WriteProcessMemory request was completed. (0x12B)
[1121/000023.652:WARNING:pe_image_reader.cc(340)] could not read dos header from C:\WINDOWS\SYSTEM32\dbghelp.dll
[1121/000023.652:ERROR:process_memory_win.cc(73)] ReadMemory at 0x7ff8e4c40000 of 64 bytes failed: Only part of a ReadProcessMemory or WriteProcessMemory request was completed. (0x12B)
[1121/000023.652:WARNING:pe_image_reader.cc(340)] could not read dos header from C:\WINDOWS\SYSTEM32\Secur32.dll
[1121/000023.652:ERROR:process_memory_win.cc(73)] ReadMemory at 0x7ff8e4c40000 of 64 bytes failed: Only part of a ReadProcessMemory or WriteProcessMemory request was completed. (0x12B)
[1121/000023.652:WARNING:pe_image_reader.cc(340)] could not read dos header from C:\WINDOWS\SYSTEM32\Secur32.dll
[1121/000023.652:ERROR:process_memory_win.cc(73)] ReadMemory at 0x7ff8ea930000 of 64 bytes failed: Only part of a ReadProcessMemory or WriteProcessMemory request was completed. (0x12B)
[1121/000023.653:WARNING:pe_image_reader.cc(340)] could not read dos header from C:\WINDOWS\SYSTEM32\WINHTTP.dll
[1121/000023.653:ERROR:process_memory_win.cc(73)] ReadMemory at 0x7ff8ea930000 of 64 bytes failed: Only part of a ReadProcessMemory or WriteProcessMemory request was completed. (0x12B)
[1121/000023.653:WARNING:pe_image_reader.cc(340)] could not read dos header from C:\WINDOWS\SYSTEM32\WINHTTP.dll
[1121/000023.653:ERROR:process_memory_win.cc(73)] ReadMemory at 0x7ff8eb260000 of 64 bytes failed: Only part of a ReadProcessMemory or WriteProcessMemory request was completed. (0x12B)
[1121/000023.653:WARNING:pe_image_reader.cc(340)] could not read dos header from C:\WINDOWS\SYSTEM32\dhcpcsvc.DLL
[1121/000023.653:ERROR:process_memory_win.cc(73)] ReadMemory at 0x7ff8eb260000 of 64 bytes failed: Only part of a ReadProcessMemory or WriteProcessMemory request was completed. (0x12B)
[1121/000023.653:WARNING:pe_image_reader.cc(340)] could not read dos header from C:\WINDOWS\SYSTEM32\dhcpcsvc.DLL
[1121/000023.653:ERROR:process_memory_win.cc(73)] ReadMemory at 0x7ff8f2170000 of 64 bytes failed: Only part of a ReadProcessMemory or WriteProcessMemory request was completed. (0x12B)
[1121/000023.653:WARNING:pe_image_reader.cc(340)] could not read dos header from C:\WINDOWS\System32\NSI.dll
[1121/000023.653:ERROR:process_memory_win.cc(73)] ReadMemory at 0x7ff8f2170000 of 64 bytes failed: Only part of a ReadProcessMemory or WriteProcessMemory request was completed. (0x12B)
[1121/000023.653:WARNING:pe_image_reader.cc(340)] could not read dos header from C:\WINDOWS\System32\NSI.dll
[1121/000023.654:ERROR:process_memory_win.cc(73)] ReadMemory at 0x7ff8e7a00000 of 64 bytes failed: Only part of a ReadProcessMemory or WriteProcessMemory request was completed. (0x12B)
[1121/000023.654:WARNING:pe_image_reader.cc(340)] could not read dos header from C:\WINDOWS\SYSTEM32\WINMMBASE.dll
[1121/000023.654:ERROR:process_memory_win.cc(73)] ReadMemory at 0x7ff8e7a00000 of 64 bytes failed: Only part of a ReadProcessMemory or WriteProcessMemory request was completed. (0x12B)
[1121/000023.654:WARNING:pe_image_reader.cc(340)] could not read dos header from C:\WINDOWS\SYSTEM32\WINMMBASE.dll
[1121/000023.654:ERROR:process_memory_win.cc(73)] ReadMemory at 0x7ff8f1450000 of 64 bytes failed: Only part of a ReadProcessMemory or WriteProcessMemory request was completed. (0x12B)
[1121/000023.654:WARNING:pe_image_reader.cc(340)] could not read dos header from C:\WINDOWS\System32\cfgmgr32.dll
[1121/000023.654:ERROR:process_memory_win.cc(73)] ReadMemory at 0x7ff8f1450000 of 64 bytes failed: Only part of a ReadProcessMemory or WriteProcessMemory request was completed. (0x12B)
[1121/000023.654:WARNING:pe_image_reader.cc(340)] could not read dos header from C:\WINDOWS\System32\cfgmgr32.dll
[1121/000023.654:ERROR:process_memory_win.cc(73)] ReadMemory at 0x7ff8ecaa0000 of 64 bytes failed: Only part of a ReadProcessMemory or WriteProcessMemory request was completed. (0x12B)
[1121/000023.654:WARNING:pe_image_reader.cc(340)] could not read dos header from C:\WINDOWS\SYSTEM32\PROPSYS.dll
[1121/000023.655:ERROR:process_memory_win.cc(73)] ReadMemory at 0x7ff8ecaa0000 of 64 bytes failed: Only part of a ReadProcessMemory or WriteProcessMemory request was completed. (0x12B)
[1121/000023.655:WARNING:pe_image_reader.cc(340)] could not read dos header from C:\WINDOWS\SYSTEM32\PROPSYS.dll
[1121/000023.655:ERROR:process_memory_win.cc(73)] ReadMemory at 0x7ff8f17c0000 of 64 bytes failed: Only part of a ReadProcessMemory or WriteProcessMemory request was completed. (0x12B)
[1121/000023.655:WARNING:pe_image_reader.cc(340)] could not read dos header from C:\WINDOWS\System32\shcore.dll
[1121/000023.655:ERROR:process_memory_win.cc(73)] ReadMemory at 0x7ff8f17c0000 of 64 bytes failed: Only part of a ReadProcessMemory or WriteProcessMemory request was completed. (0x12B)
[1121/000023.655:WARNING:pe_image_reader.cc(340)] could not read dos header from C:\WINDOWS\System32\shcore.dll
[1121/000023.655:ERROR:process_memory_win.cc(73)] ReadMemory at 0x7ff8f0240000 of 64 bytes failed: Only part of a ReadProcessMemory or WriteProcessMemory request was completed. (0x12B)
[1121/000023.655:WARNING:pe_image_reader.cc(340)] could not read dos header from C:\WINDOWS\SYSTEM32\SSPICLI.DLL
[1121/000023.655:ERROR:process_memory_win.cc(73)] ReadMemory at 0x7ff8f0240000 of 64 bytes failed: Only part of a ReadProcessMemory or WriteProcessMemory request was completed. (0x12B)
[1121/000023.655:WARNING:pe_image_reader.cc(340)] could not read dos header from C:\WINDOWS\SYSTEM32\SSPICLI.DLL
[1121/000023.655:ERROR:process_memory_win.cc(73)] ReadMemory at 0x7ff8efd30000 of 64 bytes failed: Only part of a ReadProcessMemory or WriteProcessMemory request was completed. (0x12B)
[1121/000023.655:WARNING:pe_image_reader.cc(340)] could not read dos header from C:\WINDOWS\SYSTEM32\CRYPTBASE.DLL
[1121/000023.656:ERROR:process_memory_win.cc(73)] ReadMemory at 0x7ff8efd30000 of 64 bytes failed: Only part of a ReadProcessMemory or WriteProcessMemory request was completed. (0x12B)
[1121/000023.656:WARNING:pe_image_reader.cc(340)] could not read dos header from C:\WINDOWS\SYSTEM32\CRYPTBASE.DLL
[1121/000029.335:ERROR:process_memory_win.cc(73)] ReadMemory at 0x7ff70ca90000 of 64 bytes failed: Only part of a ReadProcessMemory or WriteProcessMemory request was completed. (0x12B)
[1121/000029.335:WARNING:pe_image_reader.cc(340)] could not read dos header from C:\Program Files (x86)\Google\Chrome\Application\chrome.exe
[1121/000029.336:ERROR:process_memory_win.cc(73)] ReadMemory at 0x7ff8f3480000 of 64 bytes failed: Only part of a ReadProcessMemory or WriteProcessMemory request was completed. (0x12B)
[1121/000029.336:WARNING:pe_image_reader.cc(340)] could not read dos header from C:\WINDOWS\SYSTEM32\ntdll.dll
[1121/000029.336:ERROR:process_memory_win.cc(73)] ReadMemory at 0x7ff8f2cf0000 of 64 bytes failed: Only part of a ReadProcessMemory or WriteProcessMemory request was completed. (0x12B)
[1121/000029.336:WARNING:pe_image_reader.cc(340)] could not read dos header from C:\WINDOWS\System32\KERNEL32.DLL
[1121/000029.336:ERROR:process_memory_win.cc(73)] ReadMemory at 0x7ff8f11a0000 of 64 bytes failed: Only part of a ReadProcessMemory or WriteProcessMemory request was completed. (0x12B)
[1121/000029.336:WARNING:pe_image_reader.cc(340)] could not read dos header from C:\WINDOWS\System32\KERNELBASE.dll
[1121/000029.336:ERROR:process_memory_win.cc(73)] ReadMemory at 0x7ff8bd6c0000 of 64 bytes failed: Only part of a ReadProcessMemory or WriteProcessMemory request was completed. (0x12B)
[1121/000029.336:WARNING:pe_image_reader.cc(340)] could not read dos header from C:\Program Files (x86)\Google\Chrome\Application\78.0.3904.97\chrome_elf.dll
[1121/000029.336:ERROR:process_memory_win.cc(73)] ReadMemory at 0x7ff8eb090000 of 64 bytes failed: Only part of a ReadProcessMemory or WriteProcessMemory request was completed. (0x12B)
[1121/000029.336:WARNING:pe_image_reader.cc(340)] could not read dos header from C:\WINDOWS\SYSTEM32\VERSION.dll
[1121/000029.336:ERROR:process_memory_win.cc(73)] ReadMemory at 0x7ff8f33a0000 of 64 bytes failed: Only part of a ReadProcessMemory or WriteProcessMemory request was completed. (0x12B)
[1121/000029.336:WARNING:pe_image_reader.cc(340)] could not read dos header from C:\WINDOWS\System32\msvcrt.dll
[1121/000029.336:ERROR:process_memory_win.cc(73)] ReadMemory at 0x7ff8f0580000 of 64 bytes failed: Only part of a ReadProcessMemory or WriteProcessMemory request was completed. (0x12B)
[1121/000029.336:WARNING:pe_image_reader.cc(340)] could not read dos header from C:\WINDOWS\System32\bcryptPrimitives.dll
[1121/000029.337:ERROR:process_memory_win.cc(73)] ReadMemory at 0x7ff8f18a0000 of 64 bytes failed: Only part of a ReadProcessMemory or WriteProcessMemory request was completed. (0x12B)
[1121/000029.337:WARNING:pe_image_reader.cc(340)] could not read dos header from C:\WINDOWS\System32\ADVAPI32.dll
[1121/000029.337:ERROR:process_memory_win.cc(73)] ReadMemory at 0x1ebc74f0000 of 64 bytes failed: Only part of a ReadProcessMemory or WriteProcessMemory request was completed. (0x12B)
[1121/000029.337:WARNING:pe_image_reader.cc(340)] could not read dos header from C:\WINDOWS\System32\sechost.dll
[1121/000029.337:ERROR:process_memory_win.cc(73)] ReadMemory at 0x7ff8f2690000 of 64 bytes failed: Only part of a ReadProcessMemory or WriteProcessMemory request was completed. (0x12B)
[1121/000029.337:WARNING:pe_image_reader.cc(340)] could not read dos header from C:\WINDOWS\System32\RPCRT4.dll
[1121/000029.337:ERROR:process_memory_win.cc(73)] ReadMemory at 0x7ff8a5760000 of 64 bytes failed: Only part of a ReadProcessMemory or WriteProcessMemory request was completed. (0x12B)
[1121/000029.337:WARNING:pe_image_reader.cc(340)] could not read dos header from C:\Program Files (x86)\Google\Chrome\Application\78.0.3904.97\chrome_child.dll
[1121/000029.337:ERROR:process_memory_win.cc(73)] ReadMemory at 0x7ff8f2c20000 of 64 bytes failed: Only part of a ReadProcessMemory or WriteProcessMemory request was completed. (0x12B)
[1121/000029.337:WARNING:pe_image_reader.cc(340)] could not read dos header from C:\WINDOWS\System32\OLEAUT32.dll
[1121/000029.337:ERROR:process_memory_win.cc(73)] ReadMemory at 0x7ff8f1050000 of 64 bytes failed: Only part of a ReadProcessMemory or WriteProcessMemory request was completed. (0x12B)
[1121/000029.337:WARNING:pe_image_reader.cc(340)] could not read dos header from C:\WINDOWS\System32\msvcp_win.dll
[1121/000029.337:ERROR:process_memory_win.cc(73)] ReadMemory at 0x7ff8f0600000 of 64 bytes failed: Only part of a ReadProcessMemory or WriteProcessMemory request was completed. (0x12B)
[1121/000029.337:WARNING:pe_image_reader.cc(340)] could not read dos header from C:\WINDOWS\System32\ucrtbase.dll
[1121/000029.337:ERROR:process_memory_win.cc(73)] ReadMemory at 0x7ff8f3060000 of 64 bytes failed: Only part of a ReadProcessMemory or WriteProcessMemory request was completed. (0x12B)
[1121/000029.337:WARNING:pe_image_reader.cc(340)] could not read dos header from C:\WINDOWS\System32\combase.dll
[1121/000029.338:ERROR:process_memory_win.cc(73)] ReadMemory at 0x7ff8f22d0000 of 64 bytes failed: Only part of a ReadProcessMemory or WriteProcessMemory request was completed. (0x12B)
[1121/000029.338:WARNING:pe_image_reader.cc(340)] could not read dos header from C:\WINDOWS\System32\WS2_32.dll
[1121/000029.338:ERROR:process_memory_win.cc(73)] ReadMemory at 0x7ff8f14d0000 of 64 bytes failed: Only part of a ReadProcessMemory or WriteProcessMemory request was completed. (0x12B)
[1121/000029.338:WARNING:pe_image_reader.cc(340)] could not read dos header from C:\WINDOWS\System32\WINTRUST.dll
[1121/000029.338:ERROR:process_memory_win.cc(73)] ReadMemory at 0x7ff8f0360000 of 64 bytes failed: Only part of a ReadProcessMemory or WriteProcessMemory request was completed. (0x12B)
[1121/000029.338:WARNING:pe_image_reader.cc(340)] could not read dos header from C:\WINDOWS\System32\MSASN1.dll
[1121/000029.338:ERROR:process_memory_win.cc(73)] ReadMemory at 0x7ff8f0410000 of 64 bytes failed: Only part of a ReadProcessMemory or WriteProcessMemory request was completed. (0x12B)
[1121/000029.338:WARNING:pe_image_reader.cc(340)] could not read dos header from C:\WINDOWS\System32\CRYPT32.dll
[1121/000029.338:ERROR:process_memory_win.cc(73)] ReadMemory at 0x7ff8ef870000 of 64 bytes failed: Only part of a ReadProcessMemory or WriteProcessMemory request was completed. (0x12B)
[1121/000029.338:WARNING:pe_image_reader.cc(340)] could not read dos header from C:\WINDOWS\SYSTEM32\IPHLPAPI.DLL
[1121/000029.338:ERROR:process_memory_win.cc(73)] ReadMemory at 0x7ff8e7a30000 of 64 bytes failed: Only part of a ReadProcessMemory or WriteProcessMemory request was completed. (0x12B)
[1121/000029.338:WARNING:pe_image_reader.cc(340)] could not read dos header from C:\WINDOWS\SYSTEM32\WINMM.dll
[1121/000029.338:ERROR:process_memory_win.cc(73)] ReadMemory at 0x7ff8f0270000 of 64 bytes failed: Only part of a ReadProcessMemory or WriteProcessMemory request was completed. (0x12B)
[1121/000029.338:WARNING:pe_image_reader.cc(340)] could not read dos header from C:\WINDOWS\SYSTEM32\USERENV.dll
[1121/000029.339:ERROR:process_memory_win.cc(73)] ReadMemory at 0x7ff8f03a0000 of 64 bytes failed: Only part of a ReadProcessMemory or WriteProcessMemory request was completed. (0x12B)
[1121/000029.339:WARNING:pe_image_reader.cc(340)] could not read dos header from C:\WINDOWS\System32\profapi.dll
[1121/000029.339:ERROR:process_memory_win.cc(73)] ReadMemory at 0x7ff8d8a00000 of 64 bytes failed: Only part of a ReadProcessMemory or WriteProcessMemory request was completed. (0x12B)
[1121/000029.339:WARNING:pe_image_reader.cc(340)] could not read dos header from C:\WINDOWS\SYSTEM32\DWrite.dll
[1121/000029.339:ERROR:process_memory_win.cc(73)] ReadMemory at 0x7ff8e7270000 of 64 bytes failed: Only part of a ReadProcessMemory or WriteProcessMemory request was completed. (0x12B)
[1121/000029.339:WARNING:pe_image_reader.cc(340)] could not read dos header from C:\WINDOWS\SYSTEM32\WINSPOOL.DRV
[1121/000029.339:ERROR:process_memory_win.cc(73)] ReadMemory at 0x7ff8f0380000 of 64 bytes failed: Only part of a ReadProcessMemory or WriteProcessMemory request was completed. (0x12B)
[1121/000029.339:WARNING:pe_image_reader.cc(340)] could not read dos header from C:\WINDOWS\System32\kernel.appcore.dll
[1121/000029.339:ERROR:process_memory_win.cc(73)] ReadMemory at 0x7ff8f14a0000 of 64 bytes failed: Only part of a ReadProcessMemory or WriteProcessMemory request was completed. (0x12B)
[1121/000029.339:WARNING:pe_image_reader.cc(340)] could not read dos header from C:\WINDOWS\System32\bcrypt.dll
[1121/000029.339:ERROR:process_memory_win.cc(73)] ReadMemory at 0x7ff8e8a80000 of 64 bytes failed: Only part of a ReadProcessMemory or WriteProcessMemory request was completed. (0x12B)
[1121/000029.339:WARNING:pe_image_reader.cc(340)] could not read dos header from C:\WINDOWS\SYSTEM32\dbghelp.dll
[1121/000029.339:ERROR:process_memory_win.cc(73)] ReadMemory at 0x7ff8e4c40000 of 64 bytes failed: Only part of a ReadProcessMemory or WriteProcessMemory request was completed. (0x12B)
[1121/000029.339:WARNING:pe_image_reader.cc(340)] could not read dos header from C:\WINDOWS\SYSTEM32\Secur32.dll
[1121/000029.339:ERROR:process_memory_win.cc(73)] ReadMemory at 0x7ff8ea930000 of 64 bytes failed: Only part of a ReadProcessMemory or WriteProcessMemory request was completed. (0x12B)
[1121/000029.339:WARNING:pe_image_reader.cc(340)] could not read dos header from C:\WINDOWS\SYSTEM32\WINHTTP.dll
[1121/000029.340:ERROR:process_memory_win.cc(73)] ReadMemory at 0x7ff8eb260000 of 64 bytes failed: Only part of a ReadProcessMemory or WriteProcessMemory request was completed. (0x12B)
[1121/000029.340:WARNING:pe_image_reader.cc(340)] could not read dos header from C:\WINDOWS\SYSTEM32\dhcpcsvc.DLL
[1121/000029.340:ERROR:process_memory_win.cc(73)] ReadMemory at 0x7ff8f2170000 of 64 bytes failed: Only part of a ReadProcessMemory or WriteProcessMemory request was completed. (0x12B)
[1121/000029.340:WARNING:pe_image_reader.cc(340)] could not read dos header from C:\WINDOWS\System32\NSI.dll
[1121/000029.340:ERROR:process_memory_win.cc(73)] ReadMemory at 0x7ff8e7a00000 of 64 bytes failed: Only part of a ReadProcessMemory or WriteProcessMemory request was completed. (0x12B)
[1121/000029.340:WARNING:pe_image_reader.cc(340)] could not read dos header from C:\WINDOWS\SYSTEM32\WINMMBASE.dll
[1121/000029.340:ERROR:process_memory_win.cc(73)] ReadMemory at 0x7ff8f1450000 of 64 bytes failed: Only part of a ReadProcessMemory or WriteProcessMemory request was completed. (0x12B)
[1121/000029.340:WARNING:pe_image_reader.cc(340)] could not read dos header from C:\WINDOWS\System32\cfgmgr32.dll
[1121/000029.340:ERROR:process_memory_win.cc(73)] ReadMemory at 0x7ff8ecaa0000 of 64 bytes failed: Only part of a ReadProcessMemory or WriteProcessMemory request was completed. (0x12B)
[1121/000029.340:WARNING:pe_image_reader.cc(340)] could not read dos header from C:\WINDOWS\SYSTEM32\PROPSYS.dll
[1121/000029.340:ERROR:process_memory_win.cc(73)] ReadMemory at 0x7ff8f17c0000 of 64 bytes failed: Only part of a ReadProcessMemory or WriteProcessMemory request was completed. (0x12B)
[1121/000029.340:WARNING:pe_image_reader.cc(340)] could not read dos header from C:\WINDOWS\System32\shcore.dll
[1121/000029.340:ERROR:process_memory_win.cc(73)] ReadMemory at 0x7ff8f0240000 of 64 bytes failed: Only part of a ReadProcessMemory or WriteProcessMemory request was completed. (0x12B)
[1121/000029.340:WARNING:pe_image_reader.cc(340)] could not read dos header from C:\WINDOWS\SYSTEM32\SSPICLI.DLL
[1121/000029.340:ERROR:process_memory_win.cc(73)] ReadMemory at 0x7ff8efd30000 of 64 bytes failed: Only part of a ReadProcessMemory or WriteProcessMemory request was completed. (0x12B)
[1121/000029.340:WARNING:pe_image_reader.cc(340)] could not read dos header from C:\WINDOWS\SYSTEM32\CRYPTBASE.DLL
[1121/000029.341:ERROR:process_memory_win.cc(73)] ReadMemory at 0x7ff70ca90000 of 64 bytes failed: Only part of a ReadProcessMemory or WriteProcessMemory request was completed. (0x12B)
[1121/000029.341:WARNING:pe_image_reader.cc(340)] could not read dos header from C:\Program Files (x86)\Google\Chrome\Application\chrome.exe
[1121/000029.341:ERROR:process_memory_win.cc(73)] ReadMemory at 0x7ff8f3480000 of 64 bytes failed: Only part of a ReadProcessMemory or WriteProcessMemory request was completed. (0x12B)
[1121/000029.341:WARNING:pe_image_reader.cc(340)] could not read dos header from C:\WINDOWS\SYSTEM32\ntdll.dll
[1121/000029.341:ERROR:process_memory_win.cc(73)] ReadMemory at 0x7ff8f2cf0000 of 64 bytes failed: Only part of a ReadProcessMemory or WriteProcessMemory request was completed. (0x12B)
[1121/000029.341:WARNING:pe_image_reader.cc(340)] could not read dos header from C:\WINDOWS\System32\KERNEL32.DLL
[1121/000029.341:ERROR:process_memory_win.cc(73)] ReadMemory at 0x7ff8f11a0000 of 64 bytes failed: Only part of a ReadProcessMemory or WriteProcessMemory request was completed. (0x12B)
[1121/000029.341:WARNING:pe_image_reader.cc(340)] could not read dos header from C:\WINDOWS\System32\KERNELBASE.dll
[1121/000029.341:ERROR:process_memory_win.cc(73)] ReadMemory at 0x7ff8bd6c0000 of 64 bytes failed: Only part of a ReadProcessMemory or WriteProcessMemory request was completed. (0x12B)
[1121/000029.341:WARNING:pe_image_reader.cc(340)] could not read dos header from C:\Program Files (x86)\Google\Chrome\Application\78.0.3904.97\chrome_elf.dll
[1121/000029.341:ERROR:process_memory_win.cc(73)] ReadMemory at 0x7ff8eb090000 of 64 bytes failed: Only part of a ReadProcessMemory or WriteProcessMemory request was completed. (0x12B)
[1121/000029.341:WARNING:pe_image_reader.cc(340)] could not read dos header from C:\WINDOWS\SYSTEM32\VERSION.dll
[1121/000029.341:ERROR:process_memory_win.cc(73)] ReadMemory at 0x7ff8f33a0000 of 64 bytes failed: Only part of a ReadProcessMemory or WriteProcessMemory request was completed. (0x12B)
[1121/000029.341:WARNING:pe_image_reader.cc(340)] could not read dos header from C:\WINDOWS\System32\msvcrt.dll
[1121/000029.341:ERROR:process_memory_win.cc(73)] ReadMemory at 0x7ff8f0580000 of 64 bytes failed: Only part of a ReadProcessMemory or WriteProcessMemory request was completed. (0x12B)
[1121/000029.342:WARNING:pe_image_reader.cc(340)] could not read dos header from C:\WINDOWS\System32\bcryptPrimitives.dll
[1121/000029.342:ERROR:process_memory_win.cc(73)] ReadMemory at 0x7ff8f18a0000 of 64 bytes failed: Only part of a ReadProcessMemory or WriteProcessMemory request was completed. (0x12B)
[1121/000029.342:WARNING:pe_image_reader.cc(340)] could not read dos header from C:\WINDOWS\System32\ADVAPI32.dll
[1121/000029.342:ERROR:process_memory_win.cc(73)] ReadMemory at 0x1ebc74f0000 of 64 bytes failed: Only part of a ReadProcessMemory or WriteProcessMemory request was completed. (0x12B)
[1121/000029.342:WARNING:pe_image_reader.cc(340)] could not read dos header from C:\WINDOWS\System32\sechost.dll
[1121/000029.342:ERROR:process_memory_win.cc(73)] ReadMemory at 0x7ff8f2690000 of 64 bytes failed: Only part of a ReadProcessMemory or WriteProcessMemory request was completed. (0x12B)
[1121/000029.342:WARNING:pe_image_reader.cc(340)] could not read dos header from C:\WINDOWS\System32\RPCRT4.dll
[1121/000029.342:ERROR:process_memory_win.cc(73)] ReadMemory at 0x7ff8a5760000 of 64 bytes failed: Only part of a ReadProcessMemory or WriteProcessMemory request was completed. (0x12B)
[1121/000029.342:WARNING:pe_image_reader.cc(340)] could not read dos header from C:\Program Files (x86)\Google\Chrome\Application\78.0.3904.97\chrome_child.dll
[1121/000029.342:ERROR:process_memory_win.cc(73)] ReadMemory at 0x7ff8f2c20000 of 64 bytes failed: Only part of a ReadProcessMemory or WriteProcessMemory request was completed. (0x12B)
[1121/000029.342:WARNING:pe_image_reader.cc(340)] could not read dos header from C:\WINDOWS\System32\OLEAUT32.dll
[1121/000029.342:ERROR:process_memory_win.cc(73)] ReadMemory at 0x7ff8f1050000 of 64 bytes failed: Only part of a ReadProcessMemory or WriteProcessMemory request was completed. (0x12B)
[1121/000029.342:WARNING:pe_image_reader.cc(340)] could not read dos header from C:\WINDOWS\System32\msvcp_win.dll
[1121/000029.342:ERROR:process_memory_win.cc(73)] ReadMemory at 0x7ff8f0600000 of 64 bytes failed: Only part of a ReadProcessMemory or WriteProcessMemory request was completed. (0x12B)
[1121/000029.342:WARNING:pe_image_reader.cc(340)] could not read dos header from C:\WINDOWS\System32\ucrtbase.dll
[1121/000029.343:ERROR:process_memory_win.cc(73)] ReadMemory at 0x7ff8f3060000 of 64 bytes failed: Only part of a ReadProcessMemory or WriteProcessMemory request was completed. (0x12B)
[1121/000029.343:WARNING:pe_image_reader.cc(340)] could not read dos header from C:\WINDOWS\System32\combase.dll
[1121/000029.343:ERROR:process_memory_win.cc(73)] ReadMemory at 0x7ff8f22d0000 of 64 bytes failed: Only part of a ReadProcessMemory or WriteProcessMemory request was completed. (0x12B)
[1121/000029.343:WARNING:pe_image_reader.cc(340)] could not read dos header from C:\WINDOWS\System32\WS2_32.dll
[1121/000029.343:ERROR:process_memory_win.cc(73)] ReadMemory at 0x7ff8f14d0000 of 64 bytes failed: Only part of a ReadProcessMemory or WriteProcessMemory request was completed. (0x12B)
[1121/000029.343:WARNING:pe_image_reader.cc(340)] could not read dos header from C:\WINDOWS\System32\WINTRUST.dll
[1121/000029.343:ERROR:process_memory_win.cc(73)] ReadMemory at 0x7ff8f0360000 of 64 bytes failed: Only part of a ReadProcessMemory or WriteProcessMemory request was completed. (0x12B)
[1121/000029.343:WARNING:pe_image_reader.cc(340)] could not read dos header from C:\WINDOWS\System32\MSASN1.dll
[1121/000029.343:ERROR:process_memory_win.cc(73)] ReadMemory at 0x7ff8f0410000 of 64 bytes failed: Only part of a ReadProcessMemory or WriteProcessMemory request was completed. (0x12B)
[1121/000029.343:WARNING:pe_image_reader.cc(340)] could not read dos header from C:\WINDOWS\System32\CRYPT32.dll
[1121/000029.343:ERROR:process_memory_win.cc(73)] ReadMemory at 0x7ff8ef870000 of 64 bytes failed: Only part of a ReadProcessMemory or WriteProcessMemory request was completed. (0x12B)
[1121/000029.343:WARNING:pe_image_reader.cc(340)] could not read dos header from C:\WINDOWS\SYSTEM32\IPHLPAPI.DLL
[1121/000029.344:ERROR:process_memory_win.cc(73)] ReadMemory at 0x7ff8e7a30000 of 64 bytes failed: Only part of a ReadProcessMemory or WriteProcessMemory request was completed. (0x12B)
[1121/000029.344:WARNING:pe_image_reader.cc(340)] could not read dos header from C:\WINDOWS\SYSTEM32\WINMM.dll
[1121/000029.344:ERROR:process_memory_win.cc(73)] ReadMemory at 0x7ff8f0270000 of 64 bytes failed: Only part of a ReadProcessMemory or WriteProcessMemory request was completed. (0x12B)
[1121/000029.344:WARNING:pe_image_reader.cc(340)] could not read dos header from C:\WINDOWS\SYSTEM32\USERENV.dll
[1121/000029.344:ERROR:process_memory_win.cc(73)] ReadMemory at 0x7ff8f03a0000 of 64 bytes failed: Only part of a ReadProcessMemory or WriteProcessMemory request was completed. (0x12B)
[1121/000029.344:WARNING:pe_image_reader.cc(340)] could not read dos header from C:\WINDOWS\System32\profapi.dll
[1121/000029.344:ERROR:process_memory_win.cc(73)] ReadMemory at 0x7ff8d8a00000 of 64 bytes failed: Only part of a ReadProcessMemory or WriteProcessMemory request was completed. (0x12B)
[1121/000029.344:WARNING:pe_image_reader.cc(340)] could not read dos header from C:\WINDOWS\SYSTEM32\DWrite.dll
[1121/000029.344:ERROR:process_memory_win.cc(73)] ReadMemory at 0x7ff8e7270000 of 64 bytes failed: Only part of a ReadProcessMemory or WriteProcessMemory request was completed. (0x12B)
[1121/000029.344:WARNING:pe_image_reader.cc(340)] could not read dos header from C:\WINDOWS\SYSTEM32\WINSPOOL.DRV
[1121/000029.344:ERROR:process_memory_win.cc(73)] ReadMemory at 0x7ff8f0380000 of 64 bytes failed: Only part of a ReadProcessMemory or WriteProcessMemory request was completed. (0x12B)
[1121/000029.344:WARNING:pe_image_reader.cc(340)] could not read dos header from C:\WINDOWS\System32\kernel.appcore.dll
[1121/000029.344:ERROR:process_memory_win.cc(73)] ReadMemory at 0x7ff8f14a0000 of 64 bytes failed: Only part of a ReadProcessMemory or WriteProcessMemory request was completed. (0x12B)
[1121/000029.344:WARNING:pe_image_reader.cc(340)] could not read dos header from C:\WINDOWS\System32\bcrypt.dll
[1121/000029.344:ERROR:process_memory_win.cc(73)] ReadMemory at 0x7ff8e8a80000 of 64 bytes failed: Only part of a ReadProcessMemory or WriteProcessMemory request was completed. (0x12B)
[1121/000029.345:WARNING:pe_image_reader.cc(340)] could not read dos header from C:\WINDOWS\SYSTEM32\dbghelp.dll
[1121/000029.345:ERROR:process_memory_win.cc(73)] ReadMemory at 0x7ff8e4c40000 of 64 bytes failed: Only part of a ReadProcessMemory or WriteProcessMemory request was completed. (0x12B)
[1121/000029.345:WARNING:pe_image_reader.cc(340)] could not read dos header from C:\WINDOWS\SYSTEM32\Secur32.dll
[1121/000029.345:ERROR:process_memory_win.cc(73)] ReadMemory at 0x7ff8ea930000 of 64 bytes failed: Only part of a ReadProcessMemory or WriteProcessMemory request was completed. (0x12B)
[1121/000029.345:WARNING:pe_image_reader.cc(340)] could not read dos header from C:\WINDOWS\SYSTEM32\WINHTTP.dll
[1121/000029.345:ERROR:process_memory_win.cc(73)] ReadMemory at 0x7ff8eb260000 of 64 bytes failed: Only part of a ReadProcessMemory or WriteProcessMemory request was completed. (0x12B)
[1121/000029.345:WARNING:pe_image_reader.cc(340)] could not read dos header from C:\WINDOWS\SYSTEM32\dhcpcsvc.DLL
[1121/000029.345:ERROR:process_memory_win.cc(73)] ReadMemory at 0x7ff8f2170000 of 64 bytes failed: Only part of a ReadProcessMemory or WriteProcessMemory request was completed. (0x12B)
[1121/000029.345:WARNING:pe_image_reader.cc(340)] could not read dos header from C:\WINDOWS\System32\NSI.dll
[1121/000029.345:ERROR:process_memory_win.cc(73)] ReadMemory at 0x7ff8e7a00000 of 64 bytes failed: Only part of a ReadProcessMemory or WriteProcessMemory request was completed. (0x12B)
[1121/000029.345:WARNING:pe_image_reader.cc(340)] could not read dos header from C:\WINDOWS\SYSTEM32\WINMMBASE.dll
[1121/000029.345:ERROR:process_memory_win.cc(73)] ReadMemory at 0x7ff8f1450000 of 64 bytes failed: Only part of a ReadProcessMemory or WriteProcessMemory request was completed. (0x12B)
[1121/000029.345:WARNING:pe_image_reader.cc(340)] could not read dos header from C:\WINDOWS\System32\cfgmgr32.dll
[1121/000029.345:ERROR:process_memory_win.cc(73)] ReadMemory at 0x7ff8ecaa0000 of 64 bytes failed: Only part of a ReadProcessMemory or WriteProcessMemory request was completed. (0x12B)
[1121/000029.345:WARNING:pe_image_reader.cc(340)] could not read dos header from C:\WINDOWS\SYSTEM32\PROPSYS.dll
[1121/000029.345:ERROR:process_memory_win.cc(73)] ReadMemory at 0x7ff8f17c0000 of 64 bytes failed: Only part of a ReadProcessMemory or WriteProcessMemory request was completed. (0x12B)
[1121/000029.346:WARNING:pe_image_reader.cc(340)] could not read dos header from C:\WINDOWS\System32\shcore.dll
[1121/000029.346:ERROR:process_memory_win.cc(73)] ReadMemory at 0x7ff8f0240000 of 64 bytes failed: Only part of a ReadProcessMemory or WriteProcessMemory request was completed. (0x12B)
[1121/000029.346:WARNING:pe_image_reader.cc(340)] could not read dos header from C:\WINDOWS\SYSTEM32\SSPICLI.DLL
[1121/000029.346:ERROR:process_memory_win.cc(73)] ReadMemory at 0x7ff8efd30000 of 64 bytes failed: Only part of a ReadProcessMemory or WriteProcessMemory request was completed. (0x12B)
[1121/000029.346:WARNING:pe_image_reader.cc(340)] could not read dos header from C:\WINDOWS\SYSTEM32\CRYPTBASE.DLL
[1121/000029.454:ERROR:process_memory_win.cc(73)] ReadMemory at 0x37d83f9000 of 28672 bytes failed: Only part of a ReadProcessMemory or WriteProcessMemory request was completed. (0x12B)
[1121/000029.455:ERROR:process_memory_win.cc(73)] ReadMemory at 0x37d8bfd000 of 12288 bytes failed: Only part of a ReadProcessMemory or WriteProcessMemory request was completed. (0x12B)
[1121/000029.455:ERROR:process_memory_win.cc(73)] ReadMemory at 0x37d93fd000 of 12288 bytes failed: Only part of a ReadProcessMemory or WriteProcessMemory request was completed. (0x12B)
[1121/000029.455:ERROR:process_memory_win.cc(73)] ReadMemory at 0x37d9bfd000 of 12288 bytes failed: Only part of a ReadProcessMemory or WriteProcessMemory request was completed. (0x12B)
[1121/000029.455:ERROR:process_memory_win.cc(73)] ReadMemory at 0x37da3fb000 of 20480 bytes failed: Only part of a ReadProcessMemory or WriteProcessMemory request was completed. (0x12B)
[1121/000029.456:ERROR:process_memory_win.cc(73)] ReadMemory at 0x37dabff000 of 4096 bytes failed: Only part of a ReadProcessMemory or WriteProcessMemory request was completed. (0x12B)
[1121/000029.456:ERROR:process_memory_win.cc(73)] ReadMemory at 0x37db3fd000 of 12288 bytes failed: Only part of a ReadProcessMemory or WriteProcessMemory request was completed. (0x12B)
[1121/000029.456:ERROR:process_memory_win.cc(73)] ReadMemory at 0x37dbbfd000 of 12288 bytes failed: Only part of a ReadProcessMemory or WriteProcessMemory request was completed. (0x12B)
[1121/000029.456:ERROR:process_memory_win.cc(73)] ReadMemory at 0x37dcbfd000 of 12288 bytes failed: Only part of a ReadProcessMemory or WriteProcessMemory request was completed. (0x12B)
[1121/000029.457:ERROR:process_memory_win.cc(73)] ReadMemory at 0x37dd3fd000 of 12288 bytes failed: Only part of a ReadProcessMemory or WriteProcessMemory request was completed. (0x12B)
[1121/000029.457:ERROR:process_memory_win.cc(73)] ReadMemory at 0x37ddbfd000 of 12288 bytes failed: Only part of a ReadProcessMemory or WriteProcessMemory request was completed. (0x12B)
[1121/000029.457:ERROR:process_memory_win.cc(73)] ReadMemory at 0x37d7a1b000 of 852 bytes failed: Only part of a ReadProcessMemory or WriteProcessMemory request was completed. (0x12B)
[1121/000029.457:ERROR:process_memory_win.cc(73)] ReadMemory at 0x37d7a1c000 of 6024 bytes failed: Only part of a ReadProcessMemory or WriteProcessMemory request was completed. (0x12B)
[1121/000029.457:ERROR:process_memory_win.cc(73)] ReadMemory at 0x37d7a1e000 of 6024 bytes failed: Only part of a ReadProcessMemory or WriteProcessMemory request was completed. (0x12B)
[1121/000029.457:ERROR:process_memory_win.cc(73)] ReadMemory at 0x37d7a20000 of 6024 bytes failed: Only part of a ReadProcessMemory or WriteProcessMemory request was completed. (0x12B)
[1121/000029.458:ERROR:process_memory_win.cc(73)] ReadMemory at 0x37d7a22000 of 6024 bytes failed: Only part of a ReadProcessMemory or WriteProcessMemory request was completed. (0x12B)
[1121/000029.458:ERROR:process_memory_win.cc(73)] ReadMemory at 0x37d7a24000 of 6024 bytes failed: Only part of a ReadProcessMemory or WriteProcessMemory request was completed. (0x12B)
[1121/000029.458:ERROR:process_memory_win.cc(73)] ReadMemory at 0x37d7a26000 of 6024 bytes failed: Only part of a ReadProcessMemory or WriteProcessMemory request was completed. (0x12B)
[1121/000029.458:ERROR:process_memory_win.cc(73)] ReadMemory at 0x37d7a28000 of 6024 bytes failed: Only part of a ReadProcessMemory or WriteProcessMemory request was completed. (0x12B)
[1121/000029.458:ERROR:process_memory_win.cc(73)] ReadMemory at 0x37d7a2a000 of 6024 bytes failed: Only part of a ReadProcessMemory or WriteProcessMemory request was completed. (0x12B)
[1121/000029.458:ERROR:process_memory_win.cc(73)] ReadMemory at 0x37d7a2e000 of 6024 bytes failed: Only part of a ReadProcessMemory or WriteProcessMemory request was completed. (0x12B)
[1121/000029.459:ERROR:process_memory_win.cc(73)] ReadMemory at 0x37d7a30000 of 6024 bytes failed: Only part of a ReadProcessMemory or WriteProcessMemory request was completed. (0x12B)
[1121/000029.459:ERROR:process_memory_win.cc(73)] ReadMemory at 0x37d7a32000 of 6024 bytes failed: Only part of a ReadProcessMemory or WriteProcessMemory request was completed. (0x12B)
[1121/000029.459:ERROR:process_memory_win.cc(73)] ReadMemory at 0x1ebc7270750 of 80 bytes failed: Only part of a ReadProcessMemory or WriteProcessMemory request was completed. (0x12B)
[1121/000029.459:ERROR:process_memory_win.cc(73)] ReadMemory at 0x1ebc7270fe0 of 16108 bytes failed: Only part of a ReadProcessMemory or WriteProcessMemory request was completed. (0x12B)
[1121/000029.460:ERROR:process_memory_win.cc(73)] ReadMemory at 0x1ebc7274ee0 of 1012 bytes failed: Only part of a ReadProcessMemory or WriteProcessMemory request was completed. (0x12B)
[1121/000029.460:ERROR:process_memory_win.cc(73)] ReadMemory at 0x1ebc7275528 of 118 bytes failed: Only part of a ReadProcessMemory or WriteProcessMemory request was completed. (0x12B)
[1121/000029.460:ERROR:process_memory_win.cc(73)] ReadMemory at 0x1ebc72755a0 of 854 bytes failed: Only part of a ReadProcessMemory or WriteProcessMemory request was completed. (0x12B)
[1121/000029.460:ERROR:process_memory_win.cc(73)] ReadMemory at 0x1ebc72758f8 of 118 bytes failed: Only part of a ReadProcessMemory or WriteProcessMemory request was completed. (0x12B)
[1121/000029.460:ERROR:process_memory_win.cc(73)] ReadMemory at 0x1ebc7275970 of 98 bytes failed: Only part of a ReadProcessMemory or WriteProcessMemory request was completed. (0x12B)
[1121/000029.460:ERROR:process_memory_win.cc(73)] ReadMemory at 0x1ebc72759e0 of 58 bytes failed: Only part of a ReadProcessMemory or WriteProcessMemory request was completed. (0x12B)
[1121/000029.460:ERROR:process_memory_win.cc(73)] ReadMemory at 0x1ebc7275ae0 of 132 bytes failed: Only part of a ReadProcessMemory or WriteProcessMemory request was completed. (0x12B)
[1121/000029.460:ERROR:process_memory_win.cc(73)] ReadMemory at 0x1ebc7275c70 of 132 bytes failed: Only part of a ReadProcessMemory or WriteProcessMemory request was completed. (0x12B)
[1121/000029.461:ERROR:process_memory_win.cc(73)] ReadMemory at 0x1ebc7275e30 of 124 bytes failed: Only part of a ReadProcessMemory or WriteProcessMemory request was completed. (0x12B)
[1121/000029.461:ERROR:process_memory_win.cc(73)] ReadMemory at 0x1ebc7276210 of 132 bytes failed: Only part of a ReadProcessMemory or WriteProcessMemory request was completed. (0x12B)
[1121/000029.461:ERROR:process_memory_win.cc(73)] ReadMemory at 0x1ebc72763a0 of 64 bytes failed: Only part of a ReadProcessMemory or WriteProcessMemory request was completed. (0x12B)
[1121/000029.461:ERROR:process_memory_win.cc(73)] ReadMemory at 0x1ebc7276560 of 132 bytes failed: Only part of a ReadProcessMemory or WriteProcessMemory request was completed. (0x12B)
[1121/000029.461:ERROR:process_memory_win.cc(73)] ReadMemory at 0x1ebc7276800 of 132 bytes failed: Only part of a ReadProcessMemory or WriteProcessMemory request was completed. (0x12B)
[1121/000029.461:ERROR:process_memory_win.cc(73)] ReadMemory at 0x1ebc7276990 of 68 bytes failed: Only part of a ReadProcessMemory or WriteProcessMemory request was completed. (0x12B)
[1121/000029.461:ERROR:process_memory_win.cc(73)] ReadMemory at 0x1ebc7277a90 of 132 bytes failed: Only part of a ReadProcessMemory or WriteProcessMemory request was completed. (0x12B)
[1121/000029.461:ERROR:process_memory_win.cc(73)] ReadMemory at 0x1ebc7277c20 of 152 bytes failed: Only part of a ReadProcessMemory or WriteProcessMemory request was completed. (0x12B)
[1121/000029.462:ERROR:process_memory_win.cc(73)] ReadMemory at 0x1ebc72789c0 of 60 bytes failed: Only part of a ReadProcessMemory or WriteProcessMemory request was completed. (0x12B)
[1121/000029.462:ERROR:process_memory_win.cc(73)] ReadMemory at 0x1ebc7278b8a of 512 bytes failed: Only part of a ReadProcessMemory or WriteProcessMemory request was completed. (0x12B)
[1121/000029.462:ERROR:process_memory_win.cc(73)] ReadMemory at 0x1ebc7278fa0 of 132 bytes failed: Only part of a ReadProcessMemory or WriteProcessMemory request was completed. (0x12B)
[1121/000029.462:ERROR:process_memory_win.cc(73)] ReadMemory at 0x1ebc72790d0 of 132 bytes failed: Only part of a ReadProcessMemory or WriteProcessMemory request was completed. (0x12B)
[1121/000029.462:ERROR:process_memory_win.cc(73)] ReadMemory at 0x1ebc7279d50 of 62 bytes failed: Only part of a ReadProcessMemory or WriteProcessMemory request was completed. (0x12B)
[1121/000029.462:ERROR:process_memory_win.cc(73)] ReadMemory at 0x1ebc7279da0 of 156 bytes failed: Only part of a ReadProcessMemory or WriteProcessMemory request was completed. (0x12B)
[1121/000029.462:ERROR:process_memory_win.cc(73)] ReadMemory at 0x1ebc7279e80 of 132 bytes failed: Only part of a ReadProcessMemory or WriteProcessMemory request was completed. (0x12B)
[1121/000029.463:ERROR:process_memory_win.cc(73)] ReadMemory at 0x1ebc727a0b0 of 132 bytes failed: Only part of a ReadProcessMemory or WriteProcessMemory request was completed. (0x12B)
[1121/000029.463:ERROR:process_memory_win.cc(73)] ReadMemory at 0x1ebc727a390 of 132 bytes failed: Only part of a ReadProcessMemory or WriteProcessMemory request was completed. (0x12B)
[1121/000029.463:ERROR:process_memory_win.cc(73)] ReadMemory at 0x1ebc727a440 of 512 bytes failed: Only part of a ReadProcessMemory or WriteProcessMemory request was completed. (0x12B)
[1121/000029.463:ERROR:process_memory_win.cc(73)] ReadMemory at 0x1ebc727a740 of 132 bytes failed: Only part of a ReadProcessMemory or WriteProcessMemory request was completed. (0x12B)
[1121/000029.463:ERROR:process_memory_win.cc(73)] ReadMemory at 0x1ebc727aad0 of 132 bytes failed: Only part of a ReadProcessMemory or WriteProcessMemory request was completed. (0x12B)
[1121/000029.463:ERROR:process_memory_win.cc(73)] ReadMemory at 0x1ebc727da70 of 64 bytes failed: Only part of a ReadProcessMemory or WriteProcessMemory request was completed. (0x12B)
[1121/000029.463:ERROR:process_memory_win.cc(73)] ReadMemory at 0x1ebc727dac0 of 64 bytes failed: Only part of a ReadProcessMemory or WriteProcessMemory request was completed. (0x12B)
[1121/000029.463:ERROR:process_memory_win.cc(73)] ReadMemory at 0x1ebc727db10 of 66 bytes failed: Only part of a ReadProcessMemory or WriteProcessMemory request was completed. (0x12B)
[1121/000029.464:ERROR:process_memory_win.cc(73)] ReadMemory at 0x1ebc727db60 of 62 bytes failed: Only part of a ReadProcessMemory or WriteProcessMemory request was completed. (0x12B)
[1121/000029.464:ERROR:process_memory_win.cc(73)] ReadMemory at 0x1ebc727dbb0 of 62 bytes failed: Only part of a ReadProcessMemory or WriteProcessMemory request was completed. (0x12B)
[1121/000029.464:ERROR:process_memory_win.cc(73)] ReadMemory at 0x1ebc727dd40 of 60 bytes failed: Only part of a ReadProcessMemory or WriteProcessMemory request was completed. (0x12B)
[1121/000029.464:ERROR:process_memory_win.cc(73)] ReadMemory at 0x1ebc727dd90 of 64 bytes failed: Only part of a ReadProcessMemory or WriteProcessMemory request was completed. (0x12B)
[1121/000029.464:ERROR:process_memory_win.cc(73)] ReadMemory at 0x1ebc727dfc0 of 64 bytes failed: Only part of a ReadProcessMemory or WriteProcessMemory request was completed. (0x12B)
[1121/000029.464:ERROR:process_memory_win.cc(73)] ReadMemory at 0x1ebc727e100 of 60 bytes failed: Only part of a ReadProcessMemory or WriteProcessMemory request was completed. (0x12B)
[1121/000029.464:ERROR:process_memory_win.cc(73)] ReadMemory at 0x1ebc727e7e0 of 76 bytes failed: Only part of a ReadProcessMemory or WriteProcessMemory request was completed. (0x12B)
[1121/000029.464:ERROR:process_memory_win.cc(73)] ReadMemory at 0x1ebc7282b40 of 54 bytes failed: Only part of a ReadProcessMemory or WriteProcessMemory request was completed. (0x12B)
[1121/000029.465:ERROR:process_memory_win.cc(73)] ReadMemory at 0x1ebc7283a20 of 132 bytes failed: Only part of a ReadProcessMemory or WriteProcessMemory request was completed. (0x12B)
[1121/000029.465:ERROR:process_memory_win.cc(73)] ReadMemory at 0x1ebc7283c90 of 132 bytes failed: Only part of a ReadProcessMemory or WriteProcessMemory request was completed. (0x12B)
[1121/000029.465:ERROR:process_memory_win.cc(73)] ReadMemory at 0x1ebc7284190 of 132 bytes failed: Only part of a ReadProcessMemory or WriteProcessMemory request was completed. (0x12B)
[1121/000029.465:ERROR:process_memory_win.cc(73)] ReadMemory at 0x1ebc72847e0 of 132 bytes failed: Only part of a ReadProcessMemory or WriteProcessMemory request was completed. (0x12B)
[1121/000029.465:ERROR:process_memory_win.cc(73)] ReadMemory at 0x1ebc7284fc0 of 66 bytes failed: Only part of a ReadProcessMemory or WriteProcessMemory request was completed. (0x12B)
[1121/000029.465:ERROR:process_memory_win.cc(73)] ReadMemory at 0x1ebc7285060 of 62 bytes failed: Only part of a ReadProcessMemory or WriteProcessMemory request was completed. (0x12B)
[1121/000029.465:ERROR:process_memory_win.cc(73)] ReadMemory at 0x1ebc72850b0 of 64 bytes failed: Only part of a ReadProcessMemory or WriteProcessMemory request was completed. (0x12B)
[1121/000029.465:ERROR:process_memory_win.cc(73)] ReadMemory at 0x1ebc72851f0 of 64 bytes failed: Only part of a ReadProcessMemory or WriteProcessMemory request was completed. (0x12B)
[1121/000029.466:ERROR:process_memory_win.cc(73)] ReadMemory at 0x1ebc7285240 of 62 bytes failed: Only part of a ReadProcessMemory or WriteProcessMemory request was completed. (0x12B)
[1121/000029.466:ERROR:process_memory_win.cc(73)] ReadMemory at 0x1ebc7285290 of 62 bytes failed: Only part of a ReadProcessMemory or WriteProcessMemory request was completed. (0x12B)
[1121/000029.466:ERROR:process_memory_win.cc(73)] ReadMemory at 0x1ebc72852e0 of 60 bytes failed: Only part of a ReadProcessMemory or WriteProcessMemory request was completed. (0x12B)
[1121/000029.466:ERROR:process_memory_win.cc(73)] ReadMemory at 0x1ebc72853d0 of 60 bytes failed: Only part of a ReadProcessMemory or WriteProcessMemory request was completed. (0x12B)
[1121/000029.466:ERROR:process_memory_win.cc(73)] ReadMemory at 0x1ebc7285470 of 62 bytes failed: Only part of a ReadProcessMemory or WriteProcessMemory request was completed. (0x12B)
[1121/000029.466:ERROR:process_memory_win.cc(73)] ReadMemory at 0x1ebc7285740 of 60 bytes failed: Only part of a ReadProcessMemory or WriteProcessMemory request was completed. (0x12B)
[1121/000029.467:ERROR:process_memory_win.cc(73)] ReadMemory at 0x1ebc7285790 of 62 bytes failed: Only part of a ReadProcessMemory or WriteProcessMemory request was completed. (0x12B)
[1121/000029.467:ERROR:process_memory_win.cc(73)] ReadMemory at 0x1ebc72857e0 of 60 bytes failed: Only part of a ReadProcessMemory or WriteProcessMemory request was completed. (0x12B)
[1121/000029.467:ERROR:process_memory_win.cc(73)] ReadMemory at 0x1ebc7285920 of 62 bytes failed: Only part of a ReadProcessMemory or WriteProcessMemory request was completed. (0x12B)
[1121/000029.467:ERROR:process_memory_win.cc(73)] ReadMemory at 0x1ebc7285a10 of 64 bytes failed: Only part of a ReadProcessMemory or WriteProcessMemory request was completed. (0x12B)
[1121/000029.467:ERROR:process_memory_win.cc(73)] ReadMemory at 0x1ebc7285c40 of 62 bytes failed: Only part of a ReadProcessMemory or WriteProcessMemory request was completed. (0x12B)
[1121/000029.467:ERROR:process_memory_win.cc(73)] ReadMemory at 0x1ebc7285c90 of 58 bytes failed: Only part of a ReadProcessMemory or WriteProcessMemory request was completed. (0x12B)
[1121/000029.467:ERROR:process_memory_win.cc(73)] ReadMemory at 0x1ebc7285d30 of 62 bytes failed: Only part of a ReadProcessMemory or WriteProcessMemory request was completed. (0x12B)
[1121/000029.468:ERROR:process_memory_win.cc(73)] ReadMemory at 0x1ebc7285d80 of 64 bytes failed: Only part of a ReadProcessMemory or WriteProcessMemory request was completed. (0x12B)
[1121/000029.468:ERROR:process_memory_win.cc(73)] ReadMemory at 0x1ebc72899f0 of 132 bytes failed: Only part of a ReadProcessMemory or WriteProcessMemory request was completed. (0x12B)
[1121/000029.468:ERROR:process_memory_win.cc(73)] ReadMemory at 0x1ebc7289b20 of 132 bytes failed: Only part of a ReadProcessMemory or WriteProcessMemory request was completed. (0x12B)
[1121/000029.468:ERROR:process_memory_win.cc(73)] ReadMemory at 0x1ebc7289d80 of 132 bytes failed: Only part of a ReadProcessMemory or WriteProcessMemory request was completed. (0x12B)
[1121/000029.468:ERROR:process_memory_win.cc(73)] ReadMemory at 0x1ebc7289eb0 of 132 bytes failed: Only part of a ReadProcessMemory or WriteProcessMemory request was completed. (0x12B)
[1121/000029.468:ERROR:process_memory_win.cc(73)] ReadMemory at 0x1ebc7289fe0 of 132 bytes failed: Only part of a ReadProcessMemory or WriteProcessMemory request was completed. (0x12B)
[1121/000029.468:ERROR:process_memory_win.cc(73)] ReadMemory at 0x1ebc728a110 of 132 bytes failed: Only part of a ReadProcessMemory or WriteProcessMemory request was completed. (0x12B)
[1121/000029.468:ERROR:process_memory_win.cc(73)] ReadMemory at 0x1ebc728a240 of 132 bytes failed: Only part of a ReadProcessMemory or WriteProcessMemory request was completed. (0x12B)
[1121/000029.469:ERROR:process_memory_win.cc(73)] ReadMemory at 0x1ebc728a370 of 132 bytes failed: Only part of a ReadProcessMemory or WriteProcessMemory request was completed. (0x12B)
[1121/000029.469:ERROR:process_memory_win.cc(73)] ReadMemory at 0x1ebc728a4a0 of 132 bytes failed: Only part of a ReadProcessMemory or WriteProcessMemory request was completed. (0x12B)
[1121/000029.469:ERROR:process_memory_win.cc(73)] ReadMemory at 0x1ebc728a5d0 of 132 bytes failed: Only part of a ReadProcessMemory or WriteProcessMemory request was completed. (0x12B)
[1121/000029.469:ERROR:process_memory_win.cc(73)] ReadMemory at 0x1ebc728a700 of 132 bytes failed: Only part of a ReadProcessMemory or WriteProcessMemory request was completed. (0x12B)
[1121/000029.469:ERROR:process_memory_win.cc(73)] ReadMemory at 0x1ebc728a830 of 132 bytes failed: Only part of a ReadProcessMemory or WriteProcessMemory request was completed. (0x12B)
[1121/000029.469:ERROR:process_memory_win.cc(73)] ReadMemory at 0x1ebc728bcf0 of 132 bytes failed: Only part of a ReadProcessMemory or WriteProcessMemory request was completed. (0x12B)
[1121/000029.469:ERROR:process_memory_win.cc(73)] ReadMemory at 0x1ebc728c7a0 of 132 bytes failed: Only part of a ReadProcessMemory or WriteProcessMemory request was completed. (0x12B)
[1121/000029.469:ERROR:process_memory_win.cc(73)] ReadMemory at 0x1ebc728cb30 of 132 bytes failed: Only part of a ReadProcessMemory or WriteProcessMemory request was completed. (0x12B)
[1121/000029.470:ERROR:process_memory_win.cc(73)] ReadMemory at 0x1ebc728cc60 of 132 bytes failed: Only part of a ReadProcessMemory or WriteProcessMemory request was completed. (0x12B)
[1121/000029.470:ERROR:process_memory_win.cc(73)] ReadMemory at 0x1ebc728cd90 of 132 bytes failed: Only part of a ReadProcessMemory or WriteProcessMemory request was completed. (0x12B)
[1121/000029.470:ERROR:process_memory_win.cc(73)] ReadMemory at 0x1ebc728d380 of 132 bytes failed: Only part of a ReadProcessMemory or WriteProcessMemory request was completed. (0x12B)
[1121/000029.470:ERROR:process_memory_win.cc(73)] ReadMemory at 0x1ebc728d4b0 of 132 bytes failed: Only part of a ReadProcessMemory or WriteProcessMemory request was completed. (0x12B)
[1121/000029.470:ERROR:process_memory_win.cc(73)] ReadMemory at 0x1ebc728d5e0 of 132 bytes failed: Only part of a ReadProcessMemory or WriteProcessMemory request was completed. (0x12B)
[1121/000029.470:ERROR:process_memory_win.cc(73)] ReadMemory at 0x1ebc728d710 of 132 bytes failed: Only part of a ReadProcessMemory or WriteProcessMemory request was completed. (0x12B)
[1121/000029.470:ERROR:process_memory_win.cc(73)] ReadMemory at 0x1ebc72a04a0 of 512 bytes failed: Only part of a ReadProcessMemory or WriteProcessMemory request was completed. (0x12B)
[1121/000029.470:ERROR:process_memory_win.cc(73)] ReadMemory at 0x1ebc7590c40 of 512 bytes failed: Only part of a ReadProcessMemory or WriteProcessMemory request was completed. (0x12B)
[1121/000029.471:ERROR:process_memory_win.cc(73)] ReadMemory at 0x1ebc7590e80 of 512 bytes failed: Only part of a ReadProcessMemory or WriteProcessMemory request was completed. (0x12B)
[1121/000029.471:ERROR:process_memory_win.cc(73)] ReadMemory at 0x1ebc7715970 of 512 bytes failed: Only part of a ReadProcessMemory or WriteProcessMemory request was completed. (0x12B)
[1121/000029.471:ERROR:process_memory_win.cc(73)] ReadMemory at 0x1ebc7715d90 of 512 bytes failed: Only part of a ReadProcessMemory or WriteProcessMemory request was completed. (0x12B)
[1121/000029.471:ERROR:process_memory_win.cc(73)] ReadMemory at 0x1ebc7724c70 of 512 bytes failed: Only part of a ReadProcessMemory or WriteProcessMemory request was completed. (0x12B)
[1121/000029.471:ERROR:process_memory_win.cc(73)] ReadMemory at 0x1ebc772ce90 of 712 bytes failed: Only part of a ReadProcessMemory or WriteProcessMemory request was completed. (0x12B)
[1121/000029.471:ERROR:process_memory_win.cc(73)] ReadMemory at 0x1ebc774f6b0 of 512 bytes failed: Only part of a ReadProcessMemory or WriteProcessMemory request was completed. (0x12B)
[1121/000029.471:ERROR:process_memory_win.cc(73)] ReadMemory at 0x1ebc95bce98 of 512 bytes failed: Only part of a ReadProcessMemory or WriteProcessMemory request was completed. (0x12B)
[1121/000029.472:ERROR:process_memory_win.cc(73)] ReadMemory at 0x1ebc95be128 of 656 bytes failed: Only part of a ReadProcessMemory or WriteProcessMemory request was completed. (0x12B)
[1121/000029.472:ERROR:process_memory_win.cc(73)] ReadMemory at 0x1ebc960d088 of 512 bytes failed: Only part of a ReadProcessMemory or WriteProcessMemory request was completed. (0x12B)
[1121/000029.472:ERROR:process_memory_win.cc(73)] ReadMemory at 0x1ebc9716120 of 512 bytes failed: Only part of a ReadProcessMemory or WriteProcessMemory request was completed. (0x12B)
[1121/000029.472:ERROR:process_memory_win.cc(73)] ReadMemory at 0x1ebc972b2c8 of 512 bytes failed: Only part of a ReadProcessMemory or WriteProcessMemory request was completed. (0x12B)
[1121/000029.472:ERROR:process_memory_win.cc(73)] ReadMemory at 0x1ebc97620b0 of 512 bytes failed: Only part of a ReadProcessMemory or WriteProcessMemory request was completed. (0x12B)
[1121/000029.472:ERROR:process_memory_win.cc(73)] ReadMemory at 0x6b0c34704100 of 512 bytes failed: Only part of a ReadProcessMemory or WriteProcessMemory request was completed. (0x12B)
[1121/000029.472:ERROR:process_memory_win.cc(73)] ReadMemory at 0x7ff8a71ec64c of 512 bytes failed: Only part of a ReadProcessMemory or WriteProcessMemory request was completed. (0x12B)
[1121/000029.472:ERROR:process_memory_win.cc(73)] ReadMemory at 0x7ff8a7955204 of 553 bytes failed: Only part of a ReadProcessMemory or WriteProcessMemory request was completed. (0x12B)
[1121/000029.473:ERROR:process_memory_win.cc(73)] ReadMemory at 0x7ff8f140b6d0 of 512 bytes failed: Only part of a ReadProcessMemory or WriteProcessMemory request was completed. (0x12B)
[1121/000029.473:ERROR:process_memory_win.cc(73)] ReadMemory at 0x7ff8f351c0c4 of 672 bytes failed: Only part of a ReadProcessMemory or WriteProcessMemory request was completed. (0x12B)
[1121/000029.473:ERROR:process_memory_win.cc(73)] ReadMemory at 0x7ff8f351c6c4 of 512 bytes failed: Only part of a ReadProcessMemory or WriteProcessMemory request was completed. (0x12B)
[1121/000029.473:ERROR:process_memory_win.cc(73)] ReadMemory at 0x7ff8f351f974 of 608 bytes failed: Only part of a ReadProcessMemory or WriteProcessMemory request was completed. (0x12B)
[1121/000029.473:ERROR:process_memory_win.cc(73)] ReadMemory at 0x7ff8f35ac428 of 18 bytes failed: Only part of a ReadProcessMemory or WriteProcessMemory request was completed. (0x12B)
[1121/000029.473:ERROR:process_memory_win.cc(73)] ReadMemory at 0x7ff8f35df4f8 of 40 bytes failed: Only part of a ReadProcessMemory or WriteProcessMemory request was completed. (0x12B)
[1121/000029.473:ERROR:process_memory_win.cc(73)] ReadMemory at 0x7ff8f35df978 of 48 bytes failed: Only part of a ReadProcessMemory or WriteProcessMemory request was completed. (0x12B)
[1121/000029.474:ERROR:process_memory_win.cc(73)] ReadMemory at 0x7ff8f35e53c0 of 64 bytes failed: Only part of a ReadProcessMemory or WriteProcessMemory request was completed. (0x12B)
[1121/000029.480:ERROR:scoped_process_suspend.cc(40)] NtResumeProcess: An attempt was made to access an exiting process. (0xc000010a)
[1126/014453.226:ERROR:scoped_process_suspend.cc(31)] NtSuspendProcess: An attempt was made to access an exiting process. (0xc000010a)
[1126/014453.759:ERROR:process_info.cc(118)] ReadProcessMemory bool __cdecl crashpad::(anonymous namespace)::ReadStruct(HANDLE, crashpad::WinVMAddress, T *) [T = crashpad::process_types::PEB<crashpad::process_types::internal::Traits64>]: Only part of a ReadProcessMemory or WriteProcessMemory request was completed. (0x12B)
[1126/014453.953:ERROR:process_info.cc(551)] ReadProcessData failed
